i,loss,Accuracy
0,0.0445372486114502,0.06455445544554456
50,1.0725561690330505,
100,0.8564174151420594,
150,1.047131153345108,
200,0.9380520582199097,
250,0.9117542934417725,
300,0.8618567132949829,
350,0.8840085291862487,
400,0.9967769503593444,
450,0.9364961385726929,
500,0.9846570563316345,0.46841584158415844
550,0.8363900446891784,
600,0.944853458404541,
650,0.9245194339752197,
700,0.955890154838562,
750,0.9217188882827759,
800,0.9659628748893738,
850,0.8877348184585572,
900,0.9884743332862854,
950,0.8932504034042359,
1000,0.9251176428794861,0.46841584158415844
1050,0.7428322601318359,
1100,0.9251226162910462,
1150,0.9864276647567749,
1200,0.8719670414924622,
1250,0.8688783645629883,
1300,0.8571048712730408,
1350,0.9928793144226075,
1400,0.8924874758720398,
1450,0.8424637794494629,
1500,0.9670841360092163,0.46841584158415844
1550,0.8231742215156556,
1600,0.8577835917472839,
1650,0.9738404655456543,
1700,0.8539913511276245,
1750,0.9450724935531616,
1800,0.9186073207855224,
1850,0.8125662612915039,
1900,0.785090491771698,
1950,0.7269645977020264,
2000,0.8549638915061951,0.46841584158415844
2050,0.9668521237373352,
2100,0.9337460947036743,
2150,0.9304771137237549,
2200,0.8080765867233276,
2250,0.9554854989051819,
2300,0.9193487095832825,
2350,0.8548867201805115,
2400,0.7985150003433228,
2450,0.9709325671195984,
2500,0.9318813395500183,0.46841584158415844
2550,0.9824268698692322,
2600,0.9254375076293946,
2650,0.8800836658477783,
2700,0.8921043491363525,
2750,0.7406951236724854,
2800,0.8685075330734253,
2850,0.781688482761383,
2900,0.9062654376029968,
2950,0.8636538982391357,
3000,0.8508420395851135,0.46841584158415844
3050,1.0405303978919982,
3100,0.928607485294342,
3150,0.9316794276237488,
3200,0.8196110820770264,
3250,0.9383541202545166,
3300,0.9181073713302612,
3350,0.9240386939048767,
3400,0.8043040537834167,
3450,0.903503954410553,
3500,0.9986908912658692,0.46702970297029706
3550,0.9825831651687622,
3600,0.9267155003547668,
3650,0.8304180836677552,
3700,0.8353796863555908,
3750,0.8364614987373352,
3800,0.9215296983718873,
3850,0.9723867726325989,
3900,0.9793417978286744,
3950,0.9834099054336548,
4000,0.9003270888328552,0.46841584158415844
4050,0.889888517856598,
4100,0.9722785234451294,
4150,0.8592030310630798,
4200,0.923958637714386,
4250,0.7543902158737182,
4300,0.8620154666900635,
4350,0.9386586976051331,
4400,0.9740712690353394,
4450,0.9749600315093994,
4500,0.9550957345962524,0.46841584158415844
4550,0.8682793545722961,
4600,0.8861607050895691,
4650,0.7972467923164368,
4700,0.7872312021255493,
4750,0.8550285649299622,
4800,0.9133588242530822,
4850,0.8445213437080383,
4900,0.9251852607727051,
4950,0.75068687915802,
5000,0.7916773223876953,0.46702970297029706
5050,0.8995990419387817,
5100,0.9095112180709839,
5150,0.9004201912879943,
5200,0.9008876943588257,
5250,0.9361508750915527,
5300,0.8898932003974914,
5350,0.884681088924408,
5400,0.7996453213691711,
5450,0.83312744140625,
5500,0.8418039441108703,0.46841584158415844
5550,0.9245820832252503,
5600,0.9150893497467041,
5650,0.9444193267822265,
5700,0.8662713766098022,
5750,0.9937965655326844,
5800,0.8543688201904297,
5850,0.8394464659690857,
5900,0.8884468340873718,
5950,0.9337953948974609,
6000,0.8413206768035889,0.46702970297029706
6050,0.9750666689872741,
6100,0.9813935327529907,
6150,0.9542989444732666,
6200,0.9780130124092102,
6250,0.8941672825813294,
6300,0.9507394623756409,
6350,0.9173756885528564,
6400,0.8777169156074524,
6450,0.9767144274711609,
6500,0.9202555656433106,0.46841584158415844
6550,0.7768437075614929,
6600,0.8857331824302673,
6650,1.037074911594391,
6700,0.8890384793281555,
6750,0.8537266445159912,
6800,0.7970371508598327,
6850,1.0151588129997253,
6900,0.8481634712219238,
6950,0.8733180594444275,
7000,0.8843050622940063,0.46702970297029706
7050,1.00400319814682,
7100,0.8561950325965881,
7150,0.8842859220504761,
7200,0.8451613664627076,
7250,0.9186167216300964,
7300,0.9210184454917908,
7350,0.8835773658752442,
7400,0.9173945045471191,
7450,0.8716099405288696,
7500,0.8895553350448608,0.46702970297029706
7550,0.868606481552124,
7600,0.7614773273468017,
7650,0.8254742932319641,
7700,0.9923540306091309,
7750,0.9529149270057679,
7800,0.887058846950531,
7850,0.8844600534439087,
7900,0.8835709476470948,
7950,0.8831755185127258,
8000,0.8429761815071106,0.46841584158415844
8050,0.8776968336105346,
8100,0.9267469143867493,
8150,0.8847677350044251,
8200,0.9160957884788513,
8250,0.9193252158164978,
8300,0.8455318641662598,
8350,0.8840937137603759,
8400,0.9205121731758118,
8450,0.8838911175727844,
8500,0.9233225011825561,0.46841584158415844
8550,0.8843130779266357,
8600,0.7964928269386291,
8650,1.0208780431747437,
8700,0.8461152529716491,
8750,0.8025530171394348,
8800,0.7403866267204284,
8850,0.8874984359741211,
8900,0.8859309077262878,
8950,0.8371051502227783,
9000,0.8363873529434204,0.46841584158415844
9050,0.9685152292251586,
9100,1.0058914804458619,
9150,0.9222411465644836,
9200,0.8582099318504334,
9250,0.843024423122406,
9300,1.0097372555732727,
9350,0.8812215161323548,
9400,0.812687509059906,
9450,0.8417701101303101,
9500,0.9255304050445556,0.46841584158415844
9550,0.842185173034668,
9600,0.9776488494873047,
9650,0.9637340521812439,
9700,0.9277771258354187,
9750,0.849354727268219,
9800,0.9189589238166809,
9850,0.9122287583351135,
9900,0.9265965032577514,
9950,0.9289522290229797,
10000,0.987254626750946,0.46841584158415844
10050,0.9814714431762696,
10100,0.8616280150413513,
10150,0.9204970860481262,
10200,0.9516690230369568,
10250,0.854840304851532,
10300,0.9838635444641113,
10350,0.8527333116531373,
10400,0.8470676136016846,
10450,0.900160768032074,
10500,0.8943923330307006,0.46702970297029706
10550,0.8862882232666016,
10600,0.9252095770835876,
10650,0.9326638269424439,
10700,0.8333870315551758,
10750,0.9339641809463501,
10800,0.9272675347328186,
10850,0.8043497371673584,
10900,0.8389790868759155,
10950,0.8426523590087891,
11000,0.8458406615257263,0.46841584158415844
11050,0.8855269479751587,
11100,0.8854656887054443,
11150,0.747952401638031,
11200,0.8301550340652466,
11250,0.8924596118927002,
11300,0.8856773591041565,
11350,0.8941484689712524,
11400,0.7936207318305969,
11450,0.9278972530364991,
11500,0.9599688458442688,0.46702970297029706
11550,0.9228606820106506,
11600,0.7997515487670899,
11650,0.8843244361877441,
11700,0.892712140083313,
11750,0.7468557953834534,
11800,0.9357058382034302,
11850,0.9245620059967041,
11900,0.8407151675224305,
11950,0.8412611413002015,
12000,0.9711352849006653,0.46841584158415844
12050,0.9932255506515503,
12100,0.8863178396224975,
12150,0.8474222826957702,
12200,0.8418684768676757,
12250,0.8392695713043213,
12300,0.8339804482460021,
12350,0.8851752519607544,
12400,0.9289651346206665,
12450,0.798035991191864,
12500,0.8355736541748047,0.46841584158415844
12550,1.017648868560791,
12600,0.9510968351364135,
12650,0.8095640444755554,
12700,0.9114705681800842,
12750,0.9138892459869384,
12800,0.9458835387229919,
12850,0.856408634185791,
12900,1.0010061240196229,
12950,0.8515711522102356,
13000,0.8821381950378417,0.46841584158415844
13050,0.8746598124504089,
13100,0.9131255960464477,
13150,0.9381062459945678,
13200,0.8669454312324524,
13250,1.0530640506744384,
13300,0.8816348004341126,
13350,0.9469497466087341,
13400,0.9050059509277344,
13450,0.851569185256958,
13500,1.0277858829498292,0.46702970297029706
13550,0.8142425227165222,
13600,0.9147211790084839,
13650,0.7983440494537354,
13700,0.8939154648780823,
13750,0.9306737184524536,
13800,0.8828423190116882,
13850,0.8036362552642822,
13900,0.9767507028579712,
13950,0.9172747874259949,
14000,0.8142133140563965,0.46702970297029706
14050,0.8088448143005371,
14100,0.8830940175056458,
14150,0.8847582626342774,
14200,0.9215109181404114,
14250,0.7981691670417785,
14300,0.7491812014579773,
14350,0.9363985395431519,
14400,0.9737324833869934,
14450,0.883246660232544,
14500,0.8352823877334594,0.46841584158415844
14550,0.8899870133399963,
14600,0.9242027974128724,
14650,0.9172754859924317,
14700,0.8109469628334045,
14750,0.8772955703735351,
14800,0.8436096358299255,
14850,0.8145122241973877,
14900,0.9240798544883728,
14950,0.7671192359924316,
15000,0.9452088785171509,0.46841584158415844
15050,1.0939640045166015,
15100,0.8466847085952759,
15150,0.8465351343154908,
15200,0.9596748042106629,
15250,1.0565143656730651,
15300,0.9579244565963745,
15350,0.9194664931297303,
15400,0.9776173520088196,
15450,0.9238713455200195,
15500,0.7881499671936035,0.46702970297029706
15550,0.8407606387138367,
15600,0.8835643672943115,
15650,0.8370420432090759,
15700,0.9667754864692688,
15750,0.8798004770278931,
15800,0.9220662951469422,
15850,0.8780101919174195,
15900,0.8290189790725708,
15950,0.7734468281269073,
16000,0.8172153067588807,0.6948019801980198
16050,0.7660733783245086,
16100,0.7277290797233582,
16150,0.8506123554706574,
16200,0.7438006949424744,
16250,0.8161441946029663,
16300,0.9576211059093476,
16350,0.8322638726234436,
16400,0.680182752609253,
16450,0.7913581275939942,
16500,0.6199877637624741,0.7374257425742574
16550,0.5535401484370231,
16600,0.7506772890686989,
16650,0.5821512925624848,
16700,0.45184795677661893,
16750,0.5900761464238167,
16800,0.46733226522803306,
16850,0.6125509008020162,
16900,0.8163721966743469,
16950,0.5383645737171173,
17000,0.46305492758750916,0.7926732673267327
17050,0.7485802763700485,
17100,0.38284498545865064,
17150,0.5191471598157659,
17200,0.5339520324021578,
17250,0.5247293264418841,
17300,0.31276374772191046,
17350,0.7221646145731211,
17400,0.5102448561787605,
17450,0.4694200149178505,
17500,0.5448828299343585,0.8454950495049505
17550,0.39716203458607197,
17600,0.48688961412757636,
17650,0.4029440591856837,
17700,0.33192363095469773,
17750,0.3872387847863138,
17800,0.30810262347571554,
17850,0.2730394942546263,
17900,0.4770032885298133,
17950,0.4821470604650676,
18000,0.4660069428058341,0.868960396039604
18050,0.32323777709156276,
18100,0.3200598889030516,
18150,0.4045686017535627,
18200,0.387030330337584,
18250,0.3242484149988741,
18300,0.734039524756372,
18350,0.43407903373241424,
18400,0.5998340411414392,
18450,0.40582837268710137,
18500,0.2224601297825575,0.8689108910891089
18550,0.5957734913192689,
18600,0.312825320251286,
18650,0.4125711804814637,
18700,0.49562180895358326,
18750,0.1591304711275734,
18800,0.2745632889715489,
18850,0.4024375429155771,
18900,0.3914967476762831,
18950,0.41622552648186684,
19000,0.3840547727793455,0.8861881188118812
19050,0.3715205918811262,
19100,0.47014872275292874,
19150,0.36706976862624285,
19200,0.3270059600577224,
19250,0.37523504536598923,
19300,0.15213200859492645,
19350,0.19040748515806627,
19400,0.3356461412576027,
19450,0.2923966219695285,
19500,0.21300661522196607,0.8883663366336634
19550,0.1725113190567936,
19600,0.27729150460800156,
19650,0.40843170098029075,
19700,0.12833936961367726,
19750,0.3051091619720683,
19800,0.2888059640862048,
19850,0.43310177747625855,
19900,0.2879495839588344,
19950,0.38224879185203464,
20000,0.24545309081673622,0.8971287128712871
20050,0.3148902166355401,
20100,0.2222197747323662,
20150,0.27996598567115144,
20200,0.33216523413546384,
20250,0.2999676956422627,
20300,0.2098667641961947,
20350,0.3860931680817157,
20400,0.3054958494566381,
20450,0.2155387158645317,
20500,0.27438148939516394,0.904950495049505
20550,0.461234951200895,
20600,0.24417875614017248,
20650,0.17177054174389922,
20700,0.1813938773202244,
20750,0.32006317378021776,
20800,0.13637053948827088,
20850,0.2676190520648379,
20900,0.3349979087500833,
20950,0.3918366949819028,
21000,0.34700396114960314,0.9104950495049505
21050,0.47883727759122846,
21100,0.23085038214921952,
21150,0.2266811986081302,
21200,0.2544849259220064,
21250,0.3154835009481758,
21300,0.22209451304748654,
21350,0.25058679915498944,
21400,0.26789660470793025,
21450,0.17300032638013363,
21500,0.2431435040384531,0.8904455445544555
21550,0.17377816592372256,
21600,0.25974444999708796,
21650,0.14879131032619625,
21700,0.2629055008944124,
21750,0.13013787877280264,
21800,0.2543164926976897,
21850,0.3413453399809077,
21900,0.2676953220367432,
21950,0.12021397338947282,
22000,0.4642385884001851,0.9207425742574258
22050,0.12691812340170144,
22100,0.2092489694803953,
22150,0.24001158046186902,
22200,0.24705545509699733,
22250,0.3302328849304467,
22300,0.07879432034678757,
22350,0.2404269997496158,
22400,0.26649096099892633,
22450,0.28410069923847914,
22500,0.10711354485247285,0.918960396039604
22550,0.28050035651074723,
22600,0.3407578194024973,
22650,0.22573088821489365,
22700,0.21250040949787943,
22750,0.08150867322314298,
22800,0.1923375183250755,
22850,0.3701731186933466,
22900,0.1054110802942887,
22950,0.2157449219550472,
23000,0.20587431797292083,0.9228712871287129
23050,0.09862450373824685,
23100,0.13980571634019726,
23150,0.22911120010092417,
23200,0.21969383316580207,
23250,0.25875258729211054,
23300,0.3190795578021789,
23350,0.4585042634420097,
23400,0.18428294703364373,
23450,0.21660719851963223,
23500,0.2252542025409639,0.9226237623762377
23550,0.36914217017591,
23600,0.26533201705664394,
23650,0.25640538001433016,
23700,0.18355570199433713,
23750,0.2895659558335319,
23800,0.2243264577537775,
23850,0.3115784019292914,
23900,0.22384520105319097,
23950,0.15844468446448445,
24000,0.17951035311270971,0.928910891089109
24050,0.2930744996946305,
24100,0.22163553500548006,
24150,0.14402538943104445,
24200,0.18381159912445583,
24250,0.19942125428206053,
24300,0.34709795771166685,
24350,0.16867390984669328,
24400,0.12307217173714889,
24450,0.22353182539460248,
24500,0.18207123008964118,0.927920792079208
24550,0.30363666492514313,
24600,0.18424940404947848,
24650,0.14259781529195606,
24700,0.19209452593349852,
24750,0.18117092094384135,
24800,0.2084380519669503,
24850,0.23334883901814465,
24900,0.3172226665659764,
24950,0.11272960131405853,
25000,0.22385606313124298,0.8873267326732673
25050,0.1651771661033854,
25100,0.3182602448150874,
25150,0.24790417155134492,
25200,0.3054921758826822,
25250,0.2382184744440019,
25300,0.1494307482521981,
25350,0.18087540944019564,
25400,0.22826650627306663,
25450,0.2927686961274594,
25500,0.2495830456254771,0.9283663366336634
25550,0.3069488570094109,
25600,0.19763508551754058,
25650,0.1685925560328178,
25700,0.22259996024746215,
25750,0.1281947805942036,
25800,0.26223487248644234,
25850,0.15020227690925822,
25900,0.160511813921039,
25950,0.17031999271712267,
26000,0.303432765933685,0.9326732673267327
26050,0.2119394541112706,
26100,0.09886945150094106,
26150,0.2891082524805097,
26200,0.14289818815886973,
26250,0.2270232722721994,
26300,0.31692516938142945,
26350,0.21636915658484213,
26400,0.2963024700502865,
26450,0.19665359459002502,
26500,0.19191969470703044,0.9313861386138614
26550,0.19916486594476737,
26600,0.13976991789066232,
26650,0.08993558465794195,
26700,0.250159507416538,
26750,0.1866333097947063,
26800,0.16025039294210727,
26850,0.2592402365570888,
26900,0.15603753723262342,
26950,0.1742101299451315,
27000,0.365533250644803,0.9252475247524753
27050,0.19226579898968338,
27100,0.10197553177829832,
27150,0.1272676042059902,
27200,0.18473344573067152,
27250,0.26377070838083455,
27300,0.12935376199238818,
27350,0.15983981955665513,
27400,0.12742123137395084,
27450,0.2446132301776379,
27500,0.37206703117582945,0.9305940594059406
27550,0.39231619304977355,
27600,0.16050278002396226,
27650,0.16544833419378846,
27700,0.10155242505657952,
27750,0.13366529914579586,
27800,0.18396299818705303,
27850,0.22973098792834207,
27900,0.1388538863847498,
27950,0.23221871152723905,
28000,0.21835569508140906,0.9067326732673268
28050,0.1599357912549749,
28100,0.1393592316651484,
28150,0.2246402315994783,
28200,0.11916140318149701,
28250,0.05724963969027158,
28300,0.19789959352463485,
28350,0.19303964738443027,
28400,0.09981479043199215,
28450,0.2505045416462235,
28500,0.1938706051988993,0.9318811881188119
28550,0.09421201849821954,
28600,0.08093223058262083,
28650,0.09269588243510953,
28700,0.31635737742381026,
28750,0.1411477089811524,
28800,0.25888182848691943,
28850,0.1365578233904671,
28900,0.2063786680996418,
28950,0.07943253926699981,
29000,0.13262708089576336,0.9301485148514852
29050,0.07475598164317489,
29100,0.26565364719241186,
29150,0.19245954129553866,
29200,0.16804984938687995,
29250,0.18088646645912831,
29300,0.23414407224917114,
29350,0.33752397446893156,
29400,0.19357891949359327,
29450,0.23541073687025346,
29500,0.15183208006405038,0.9305940594059406
29550,0.1069366719579557,
29600,0.3634535946539836,
29650,0.2524835306350724,
29700,0.17626983619104067,
29750,0.06886343149401909,
29800,0.19075174527328273,
29850,0.14380372929852456,
29900,0.25360539576618973,
29950,0.14664244614192284,
30000,0.1581459725170862,0.923910891089109
30050,0.1482604583480861,
30100,0.17413761315401644,
30150,0.18276861605758313,
30200,0.25358045344648417,
30250,0.12643507650704122,
30300,0.20834578517073168,
30350,0.10336263593751938,
30400,0.3009325315334581,
30450,0.32575735829525,
30500,0.2748211168218404,0.9197524752475248
30550,0.24231050431728363,
30600,0.10027427523942606,
30650,0.1828727702787728,
30700,0.32795184283456363,
30750,0.1602841932780575,
30800,0.06938193539433996,
30850,0.2368131565769727,
30900,0.20729245635215193,
30950,0.18251356685403153,
31000,0.16499963120528263,0.9188613861386139
31050,0.0837007820487588,
31100,0.35280369445332327,
31150,0.15950534465606325,
31200,0.12362904309069563,
31250,0.19027433659692178,
31300,0.19461851184256374,
31350,0.13054738744278438,
31400,0.10248388120671734,
31450,0.17756330183095997,
31500,0.2708803783109761,0.9310396039603961
31550,0.1618531404726423,
31600,0.18395964703187928,
31650,0.17418051710919827,
31700,0.21006059102131985,
31750,0.1561292145116022,
31800,0.11494890568946176,
31850,0.17536731874539327,
31900,0.4890171365934657,
31950,0.18885200602002442,
32000,0.17245868743630127,0.9342079207920793
32050,0.1812580110738054,
32100,0.2970111241238192,
32150,0.12754932703741362,
32200,0.15046876424225047,
32250,0.16141636303189444,
32300,0.21385892959311603,
32350,0.18481636787066236,
32400,0.3656022880790988,
32450,0.2118159592151642,
32500,0.15207530207931996,0.9321287128712872
32550,0.3065475236671045,
32600,0.24567004535056186,
32650,0.12460726374047226,
32700,0.13253183083266776,
32750,0.19031356234962005,
32800,0.18552730886032806,
32850,0.23533602236537263,
32900,0.06305727179991663,
32950,0.11214215328654972,
33000,0.09887597914475918,0.9322277227722773
33050,0.22853397002704923,
33100,0.21396358503581722,
33150,0.1719657213742903,
33200,0.14980508878594265,
33250,0.16362272138016123,
33300,0.09315863416412867,
33350,0.07238561461435439,
33400,0.25608202973245114,
33450,0.2663743042058195,
33500,0.14674742707256883,0.9199009900990099
33550,0.10123383730584465,
33600,0.2365886538419727,
33650,0.24988041869669358,
33700,0.21412753186421468,
33750,0.12658925809675567,
33800,0.14745183291175634,
33850,0.21017524416121888,
33900,0.32589877284262914,
33950,0.1510997003110242,
34000,0.11018736339567113,0.9297524752475248
34050,0.26386679641822414,
34100,0.2536061764197075,
34150,0.22625067513261457,
34200,0.1633516408245214,
34250,0.19051352711758227,
34300,0.1550757308026732,
34350,0.08783306304336236,
34400,0.19407365617691538,
34450,0.28112821916278335,
34500,0.18942680148247745,0.925990099009901
34550,0.1514721591566922,
34600,0.20334899692192265,
34650,0.08986212318821345,
34700,0.10430465371440732,
34750,0.25841939130354147,
34800,0.05397728970767275,
34850,0.19826757374903536,
34900,0.12975895470801332,
34950,0.21589033062197557,
35000,0.21309612473291906,0.9273762376237624
35050,0.2536851401057174,
35100,0.13533391211283743,
35150,0.10109585804808376,
35200,0.1799314494511418,
35250,0.06642854288933449,
35300,0.15738036956691231,
35350,0.16619762913484223,
35400,0.33656859305179737,
35450,0.1900289281262121,
35500,0.18192513569025323,0.9291089108910892
35550,0.22451086181681604,
35600,0.0786070389481938,
35650,0.19041949104292144,
35700,0.10990918709767357,
35750,0.24486610365187517,
35800,0.13753292360554042,
35850,0.0802959261685828,
35900,0.16108359748782733,
35950,0.11744233222005278,
36000,0.0952466865497172,0.931930693069307
36050,0.11922461435004152,
36100,0.2776514156232585,
36150,0.11686410951297148,
36200,0.2606146652393363,
36250,0.10315224226679448,
36300,0.19432320834253913,
36350,0.22859761977071572,
36400,0.22035435685091215,
36450,0.20051239998836537,
36500,0.24008557000473957,0.9321287128712872
36550,0.19726769813160444,
36600,0.23413935890246648,
36650,0.21294656077690888,
36700,0.26794085547109714,
36750,0.13571465429660748,
36800,0.18525982613078668,
36850,0.2524654318850662,
36900,0.14487123004335445,
36950,0.18205522977223154,
37000,0.1389812016013093,0.9313366336633664
37050,0.11831887295780348,
37100,0.07793521332728233,
37150,0.4821554987473792,
37200,0.30928487733006477,
37250,0.19291057131296838,
37300,0.21872983632153137,
37350,0.24836784866507514,
37400,0.1044274474116537,
37450,0.17938834588598168,
37500,0.08740231620481609,0.9351980198019803
37550,0.03512972598015025,
37600,0.39039207049027025,
37650,0.1964564803277108,
37700,0.1282053769885897,
37750,0.11026851370715121,
37800,0.1523136586439068,
37850,0.2449583904258543,
37900,0.3015820568872368,
37950,0.12214754007380861,
38000,0.17506034208149346,0.9348019801980199
38050,0.17149274216296362,
38100,0.16531463346945813,
38150,0.15040660080714077,
38200,0.19383616752278954,
38250,0.20923120784182403,
38300,0.1008535561620522,
38350,0.2696132525182611,
38400,0.17039428411269839,
38450,0.1765921951985227,
38500,0.27912851914232306,0.9337128712871288
38550,0.1607755944107339,
38600,0.17736740244281463,
38650,0.2624342662727031,
38700,0.12719661759023437,
38750,0.16769419419866835,
38800,0.11291786960942318,
38850,0.14481403039329963,
38900,0.28513205707611633,
38950,0.20112890153119223,
39000,0.22580574710620568,0.9328712871287129
39050,0.11450947456849463,
39100,0.2675662255210318,
39150,0.2270605552894972,
39200,0.09111668352533343,
39250,0.1844440351452795,
39300,0.2073690061210867,
39350,0.18241182458292315,
39400,0.11880749359042966,
39450,0.14405140319488738,
39500,0.12500175619650236,0.9333663366336634
39550,0.09530985025122789,
39600,0.17030754771063245,
39650,0.11215756733284848,
39700,0.1100937592864247,
39750,0.3521428554010339,
39800,0.1460878380915892,
39850,0.18180174817093303,
39900,0.19226047329340418,
39950,0.2190417721918675,
40000,0.13217233822930624,0.9254455445544555
40050,0.036341089642941145,
40100,0.17263227364213946,
40150,0.32403243797171855,
40200,0.2033796563040687,
40250,0.24576017951899304,
40300,0.18289732918963636,
40350,0.14857662652997533,
40400,0.14348695579890902,
40450,0.058908726191975805,
40500,0.17755186550700272,0.933910891089109
40550,0.13608070354590596,
40600,0.17759164311110895,
40650,0.26306471615660487,
40700,0.10509162287758954,
40750,0.17876132754743593,
40800,0.16377648260443492,
40850,0.14169722887760144,
40900,0.16668193760234318,
40950,0.208389473673559,
41000,0.19838015466637443,0.9303465346534654
41050,0.2544596919072501,
41100,0.09210717276509513,
41150,0.3416645369082585,
41200,0.11905989607848483,
41250,0.19926505133407774,
41300,0.19947217324581287,
41350,0.24521149345778667,
41400,0.10938500312182882,
41450,0.14510705630738813,
41500,0.3767464612578624,0.9235148514851486
41550,0.2346152611154139,
41600,0.25727019447480415,
41650,0.14199210028067683,
41700,0.13482116836929892,
41750,0.21344540040843754,
41800,0.2581125736328249,
41850,0.1253231700786273,
41900,0.1401138850205143,
41950,0.1023534504350323,
42000,0.11629313512280533,0.9346534653465347
42050,0.1396011993733832,
42100,0.18606949328051983,
42150,0.07898078497001165,
42200,0.19414566299227032,
42250,0.18610870675111002,
42300,0.15825577739941935,
42350,0.1937212438198138,
42400,0.14781975971642125,
42450,0.2214452887973083,
42500,0.0732682364096064,0.9350990099009902
42550,0.14260712660954483,
42600,0.1431430759033401,
42650,0.04614544129740523,
42700,0.116286975550816,
42750,0.14027147286036099,
42800,0.14224549154585417,
42850,0.13612086201238527,
42900,0.14962744132065836,
42950,0.11438179864014274,
43000,0.17563458166083762,0.9332673267326733
43050,0.13148576997116607,
43100,0.16183313983721007,
43150,0.14240227255675053,
43200,0.14488973102860242,
43250,0.2421106733108887,
43300,0.06373203394376788,
43350,0.1032610690273907,
43400,0.1690993816105214,
43450,0.11657971518191516,
43500,0.3362005645630234,0.9318316831683169
43550,0.214886943310903,
43600,0.22715799323727878,
43650,0.15420059908112704,
43700,0.19586789072402042,
43750,0.17728944949733885,
43800,0.17871896575941718,
43850,0.22162120645331015,
43900,0.3412004558726221,
43950,0.17681451429980372,
44000,0.14385423583245938,0.9347029702970298
44050,0.10031697288918394,
44100,0.212130018799121,
44150,0.07115609266342915,
44200,0.1037048346183353,
44250,0.14117458875408034,
44300,0.2669108290268917,
44350,0.20986720890548896,
44400,0.22191693135879176,
44450,0.0790417198247269,
44500,0.2081465395700775,0.9331683168316832
44550,0.17347881664931264,
44600,0.11084081350876658,
44650,0.26726642484718466,
44700,0.09140159438081583,
44750,0.18664667380512015,
44800,0.1336819132092927,
44850,0.12564795160127687,
44900,0.219546321319649,
44950,0.1318102471651946,
45000,0.26011535126701346,0.9354455445544555
45050,0.22456982220701321,
45100,0.0771942472730916,
45150,0.18045032182104478,
45200,0.18096602981909882,
45250,0.12354905035931552,
45300,0.1710543210334606,
45350,0.18487391668225314,
45400,0.20486648254768342,
45450,0.14949319513672776,
45500,0.17137691457010973,0.9330693069306931
45550,0.199588142754601,
45600,0.1991050035431772,
45650,0.1371255052899346,
45700,0.16342103100801522,
45750,0.29844107489487215,
45800,0.34093227775767443,
45850,0.19289042521828378,
45900,0.11880718661355787,
45950,0.1761347233550589,
46000,0.13980097741118244,0.9291584158415842
46050,0.18625824551705464,
46100,0.19857356520895736,
46150,0.11312675472263437,
46200,0.25239377412601927,
46250,0.10366009710225627,
46300,0.19867474253802356,
46350,0.33514461845566984,
46400,0.13016672222005582,
46450,0.196536921595507,
46500,0.1302360596027097,0.9354455445544555
46550,0.2127141293195905,
46600,0.15986229546775563,
46650,0.22896485482335266,
46700,0.13635910239457644,
46750,0.21136298735062042,
46800,0.17613988068471373,
46850,0.17344630232389135,
46900,0.1274676925088599,
46950,0.16758222557579758,
47000,0.2013763831368351,0.9307425742574258
47050,0.06799081663556748,
47100,0.10916355398406707,
47150,0.1748143099959111,
47200,0.09481732604159106,
47250,0.2684690516917351,
47300,0.2084410387861135,
47350,0.09152009208916809,
47400,0.2458489263010233,
47450,0.1451745119539919,
47500,0.13962575433928565,0.9354455445544555
47550,0.058575304138494176,
47600,0.16902648774538165,
47650,0.13594502889644444,
47700,0.2305987007554387,
47750,0.1533853562399189,
47800,0.14538066508870473,
47850,0.15601147248653346,
47900,0.21840069677440455,
47950,0.21879273324334336,
48000,0.14634081482148645,0.9354455445544555
48050,0.1140234481382663,
48100,0.1252766558579782,
48150,0.1229738520472688,
48200,0.1396427652533589,
48250,0.12254513300663447,
48300,0.0869969626404037,
48350,0.10598536890900703,
48400,0.16127642088620633,
48450,0.2553824532012412,
48500,0.10454370466535778,0.9354455445544555
48550,0.1798841149121131,
48600,0.11253899195474105,
48650,0.20678642957305612,
48700,0.14772961814356605,
48750,0.17953691386515858,
48800,0.1316440461017362,
48850,0.10110108078803876,
48900,0.17515343186568771,
48950,0.149583663412879,
49000,0.17925532475674116,0.935
49050,0.17048130544750165,
49100,0.22909145083953178,
49150,0.07389633432755957,
49200,0.3636146604777099,
49250,0.13997645732995012,
49300,0.2345257880471081,
49350,0.08761108436067958,
49400,0.09981969195858596,
49450,0.23375604856753854,
49500,0.1840152549893014,0.9348019801980199
49550,0.06902433984301752,
49600,0.20113236957202787,
49650,0.14900969780878298,
49700,0.09076898017886834,
49750,0.08821901220457334,
49800,0.058091180066730176,
49850,0.2792302348480352,
49900,0.11502358456779746,
49950,0.2153795538015582,
50000,0.14631325486114746,0.932920792079208
50050,0.07829427559818597,
50100,0.24738650657832223,
50150,0.1556336948036005,
50200,0.18216053305688548,
50250,0.12681503726093055,
50300,0.10275213208591595,
50350,0.10409357261343985,
50400,0.03818844212321892,
50450,0.2806091871212537,
50500,0.08341322501379182,0.9344554455445545
50550,0.20129263049428117,
50600,0.18890374523682113,
50650,0.14822565891332487,
50700,0.15945517975954884,
50750,0.07055797808589886,
50800,0.185044763892638,
50850,0.17875669785267745,
50900,0.17126505382069127,
50950,0.2613859994219092,
51000,0.1447604440311261,0.9354455445544555
51050,0.18336332523380405,
51100,0.07952564367940795,
51150,0.17565855042530187,
51200,0.12261392963620722,
51250,0.15225653539923542,
51300,0.13716500811613513,
51350,0.14316904670572952,
51400,0.16821069133467914,
51450,0.1966963608725109,
51500,0.1422972309081888,0.9346039603960397
51550,0.18868457346354944,
51600,0.12307381339691346,
51650,0.14463732850315864,
51700,0.11329862573879837,
51750,0.1826310386161799,
51800,0.2081568485888056,
51850,0.10706029279901486,
51900,0.1279058668870674,
51950,0.10458446163929239,
52000,0.2771530383040192,0.93
52050,0.08829114690293864,
52100,0.06954713303639323,
52150,0.06815501921476425,
52200,0.21088792314921193,
52250,0.22903578938083227,
52300,0.14510091322159496,
52350,0.20781588706695403,
52400,0.0982151211243763,
52450,0.17752097311692466,
52500,0.6595654670736257,0.9200990099009901
52550,0.19107137314585998,
52600,0.17526376595644252,
52650,0.1573229445038851,
52700,0.10647727444729511,
52750,0.19853784040474237,
52800,0.23843233921604678,
52850,0.2137238663234257,
52900,0.15582660623001615,
52950,0.2903804022948792,
53000,0.16632654574350453,0.9316336633663367
53050,0.17483668566012056,
53100,0.1851615482385796,
53150,0.20392376775482263,
53200,0.11851931753102235,
53250,0.16100810600491058,
53300,0.18253726718829058,
53350,0.16517988593808697,
53400,0.16892407109187843,
53450,0.14925537651147336,
53500,0.1364330682907439,0.9344554455445545
53550,0.1225832253275621,
53600,0.14183406250570896,
53650,0.06504798343447306,
53700,0.07404931334731714,
53750,0.16847774699239365,
53800,0.1190295527616479,
53850,0.16500873163111465,
53900,0.19132479855036708,
53950,0.08676669010049977,
54000,0.06814206271141188,0.9203465346534654
54050,0.2926133757474099,
54100,0.3848288652596102,
54150,0.21870505840721308,
54200,0.2079880643589422,
54250,0.18586671072060199,
54300,0.1372101535742786,
54350,0.18035102219964755,
54400,0.19689407474621476,
54450,0.12041245591619372,
54500,0.10850014909954553,0.9347524752475248
54550,0.08590197444296564,
54600,0.20192520067956707,
54650,0.1631046310053165,
54700,0.16012559843736882,
54750,0.1465586254470327,
54800,0.17746374474769241,
54850,0.14666441920095621,
54900,0.11098416856535095,
54950,0.09809079687871361,
55000,0.15194529212597443,0.9352475247524753
55050,0.2396944480512262,
55100,0.17409537470284364,
55150,0.21009067659606898,
55200,0.1476466391561007,
55250,0.15184264461473504,
55300,0.12334314354775287,
55350,0.2057389465434926,
55400,0.2304113570890192,
55450,0.15867462838824964,
55500,0.1036963119858683,0.9352475247524753
55550,0.1808559458480971,
55600,0.17112222549781564,
55650,0.17534624507576824,
55700,0.09757656909700003,
55750,0.12380770897978649,
55800,0.13208364578516835,
55850,0.06512933447236648,
55900,0.19595481135183604,
55950,0.14078033407299884,
56000,0.15406847554676914,0.9344059405940595
56050,0.13365065405261348,
56100,0.28255241957136606,
56150,0.18020230666409362,
56200,0.0695355804537688,
56250,0.08308472454609159,
56300,0.17704799678008612,
56350,0.10355255321094106,
56400,0.12994987990778398,
56450,0.049274591396963385,
56500,0.07900160012922385,0.932970297029703
56550,0.3321043914364418,
56600,0.09992485127091527,
56650,0.21357373838820423,
56700,0.20179070707119423,
56750,0.1003015707075997,
56800,0.1699260572338244,
56850,0.20715663493801004,
56900,0.550550243496741,
56950,0.12598719645244258,
57000,0.1191927700656197,0.9351485148514852
57050,0.1166097622860228,
57100,0.10961057640726267,
57150,0.1882998137770879,
57200,0.1282517776549355,
57250,0.21474010734186777,
57300,0.14874999155802357,
57350,0.134861612852427,
57400,0.10656532177208647,
57450,0.15917935786241288,
57500,0.08812194695598734,0.9354455445544555
57550,0.03307404178525246,
57600,0.42000877663058406,
57650,0.25131949848923796,
57700,0.11898933309508265,
57750,0.2965436083622626,
57800,0.12441090939622626,
57850,0.15055740037984378,
57900,0.2475471557553162,
57950,0.2088279274220065,
58000,0.28902022456750276,0.9325742574257426
58050,0.08090906781555532,
58100,0.2188773372641299,
58150,0.09736489832637744,
58200,0.04952198230914504,
58250,0.1622096755219468,
58300,0.11127164009863463,
58350,0.19630050906078053,
58400,0.06164857918457528,
58450,0.12781472447061418,
58500,0.1239134781455391,0.9052475247524753
58550,0.24429940857924165,
58600,0.15450269469698397,
58650,0.35642457013321294,
58700,0.3264213899668539,
58750,0.09117595058289339,
58800,0.13976255090742412,
58850,0.20989616367658484,
58900,0.16861365271664228,
58950,0.33835065526560354,
59000,0.23682998573136657,0.923960396039604
59050,0.16728671256340932,
59100,0.14187365664028775,
59150,0.3006989692056959,
59200,0.18344410946148856,
59250,0.18766404555089025,
59300,0.1438094038002828,
59350,0.0797809359916937,
59400,0.2018479744204268,
59450,0.20455670461240458,
59500,0.024867998796008522,0.9333663366336634
59550,0.0808187840814432,
59600,0.27815204019891016,
59650,0.11316905735551003,
59700,0.2115940682798599,
59750,0.13353505281076594,
59800,0.21930611183259316,
59850,0.10612226177817305,
59900,0.25622111353412036,
59950,0.2492854988875274,
60000,0.25019218804092785,0.9283168316831684
60050,0.13214621331375384,
60100,0.22564803759518326,
60150,0.1454476706939113,
60200,0.2178017343304964,
60250,0.1478426355518495,
60300,0.12659968367137453,
60350,0.19814704416792084,
60400,0.14621910638649296,
60450,0.12472400230963317,
60500,0.20337652082301985,0.9354455445544555
60550,0.0920194279262671,
60600,0.08859662710666712,
60650,0.17281927477855788,
60700,0.18055593463868036,
60750,0.17743642603880233,
60800,0.14363501034821624,
60850,0.0987392372137765,
60900,0.11369633620077238,
60950,0.21660106981792,
61000,0.1804143048723654,0.932970297029703
61050,0.2565635688007204,
61100,0.18546200747434,
61150,0.1723076055671845,
61200,0.1266660465875657,
61250,0.16997706837149948,
61300,0.28237199484879855,
61350,0.13222747775485458,
61400,0.08963969070358274,
61450,0.1466804466614724,
61500,0.15588502615750258,0.9348514851485149
61550,0.21235861476146967,
61600,0.17217976163748033,
61650,0.1291057500926148,
61700,0.15982971524828543,
61750,0.1665830779546991,
61800,0.2643575705213152,
61850,0.15630978576059307,
61900,0.1487497748104488,
61950,0.16966375694748875,
62000,0.10385084314521861,0.9354455445544555
62050,0.17631283189053376,
62100,0.2117104267403191,
62150,0.21600273678833218,
62200,0.14110584707307097,
62250,0.12774102573541982,
62300,0.22700431446668518,
62350,0.11563183589554626,
62400,0.13351602689624528,
62450,0.2046741623185949,
62500,0.1687831796587487,0.9354455445544555
62550,0.16896415912637266,
62600,0.23219736513334283,
62650,0.12830157949282806,
62700,0.16573497789337338,
62750,0.277620958799497,
62800,0.17611041405685285,
62850,0.23638570494938135,
62900,0.1757657738808119,
62950,0.10729702265597779,
63000,0.17293720403565999,0.9354455445544555
63050,0.1269123943326508,
63100,0.20110433557353985,
63150,0.11151941249461388,
63200,0.28289187030418134,
63250,0.11909249754703467,
63300,0.14957816439858845,
63350,0.21090966486023688,
63400,0.06136404654620492,
63450,0.12359404030021423,
63500,0.18252355706638354,0.9354455445544555
63550,0.1480085662224512,
63600,0.1676748760931406,
63650,0.24153391544174838,
63700,0.14482015936363368,
63750,0.10560097240685237,
63800,0.16463038300226743,
63850,0.1476322178246892,
63900,0.1759247006492498,
63950,0.10132298330836292,
64000,0.19103799127404614,0.9354455445544555
64050,0.13806324518532093,
64100,0.15993494504442424,
64150,0.14814495779061418,
64200,0.18411294633311612,
64250,0.13940788096455436,
64300,0.12223355842979344,
64350,0.16201217706893659,
64400,0.17276694685539426,
64450,0.2810907604275597,
64500,0.20216807886806465,0.9333663366336634
64550,0.19093060154964406,
64600,0.060344308251615075,
64650,0.2588632546670783,
64700,0.06568062068022983,
64750,0.06960452914230643,
64800,0.13802677199496885,
64850,0.1416864754650669,
64900,0.04839628120733778,
64950,0.15082117359668287,
65000,0.3042890408005042,0.9310396039603961
65050,0.12037972593218456,
65100,0.10829108347461074,
65150,0.08934926376216026,
65200,0.11910562912871683,
65250,0.13357169829813814,
65300,0.18523649234898357,
65350,0.16980796293397063,
65400,0.14973803917264036,
65450,0.20583006872764587,
65500,0.26332019960060277,0.9354455445544555
65550,0.08128362769268278,
65600,0.14967329280433603,
65650,0.19815446438781692,
65700,0.1774548598647742,
65750,0.2233063581727947,
65800,0.23176264301661376,
65850,0.1764874202730826,
65900,0.11331988055268014,
65950,0.12581869825569073,
66000,0.17030180287136262,0.9348019801980199
66050,0.16905782316497578,
66100,0.17334881673745714,
66150,0.2320856677951815,
66200,0.11022804707908108,
66250,0.1331131411547676,
66300,0.11081537696227528,
66350,0.18935883640090395,
66400,0.09228378065954701,
66450,0.10466596000966093,
66500,0.09505898202003835,0.9353465346534654
66550,0.20085476514268918,
66600,0.11687924942709273,
66650,0.21792901886510635,
66700,0.12244153935461498,
66750,0.12227197215920967,
66800,0.13446475753225967,
66850,0.13293837060473862,
66900,0.17569056405789837,
66950,0.22655242350796456,
67000,0.1735746519278871,0.9354455445544555
67050,0.144994109448902,
67100,0.09842150565309553,
67150,0.16405855543065515,
67200,0.14023153588118362,
67250,0.18707495436426796,
67300,0.11038856301999601,
67350,0.047146165550925614,
67400,0.31614448675883283,
67450,0.28981331705524893,
67500,0.2277680331009283,0.930940594059406
67550,0.18286746521042005,
67600,0.17055916908065227,
67650,0.19725813296247566,
67700,0.20072317837751996,
67750,0.17287520295410544,
67800,0.12516130387165944,
67850,0.10670736675394238,
67900,0.2473686916858901,
67950,0.12409222495104984,
68000,0.12602244635263318,0.9354455445544555
68050,0.13146619565404477,
68100,0.14988016531241413,
68150,0.19921423981209954,
68200,0.12554693257727137,
68250,0.1512001818155079,
68300,0.07282146170648104,
68350,0.29121826764148406,
68400,0.23078106747242544,
68450,0.14794143736084378,
68500,0.17257950180414355,0.9354455445544555
68550,0.14827888653458104,
68600,0.10311559483530758,
68650,0.11947243301842704,
68700,0.17513542347171893,
68750,0.12338880731594798,
68800,0.182000948612001,
68850,0.10873959316078924,
68900,0.08029176688043663,
68950,0.2909715026002868,
69000,0.19898100248077755,0.9354455445544555
69050,0.11509844907635128,
69100,0.19033778971180468,
69150,0.10886688857056441,
69200,0.19353119142166164,
69250,0.07558494785261459,
69300,0.15619896744479406,
69350,0.19975542819819794,
69400,0.37343734817957513,
69450,0.07885638566326576,
69500,0.1196382083934661,0.9345544554455446
69550,0.10978316983073626,
69600,0.1623370787964717,
69650,0.16175995825698464,
69700,0.09039263182680302,
69750,0.22383335321778616,
69800,0.17769084078916308,
69850,0.1495870094352084,
69900,0.13258011826207594,
69950,0.1531268494215064,
70000,0.16607780744560371,0.9354455445544555
70050,0.13024839767814556,
70100,0.06929270032943408,
70150,0.12151472060235037,
70200,0.1375617807458282,
70250,0.21098963480642396,
70300,0.08894072911626935,
70350,0.18196757846512612,
70400,0.23294254210176404,
70450,0.16169802104453992,
70500,0.16725145243310408,0.9315346534653466
70550,0.20180380580037025,
70600,0.13438091755915124,
70650,0.23295216155776843,
70700,0.18906857451536724,
70750,0.16377232831635297,
70800,0.09736370560209835,
70850,0.13781637838648295,
70900,0.21185487579330115,
70950,0.09823801286116066,
71000,0.19555642793317132,0.9217326732673268
71050,0.38663699883341907,
71100,0.13570782749782537,
71150,0.17941270639448703,
71200,0.2933247134952262,
71250,0.10549927812506198,
71300,0.10753469722404589,
71350,0.13055884186785946,
71400,0.09563331112037275,
71450,0.13663566166325822,
71500,0.1303890468390908,0.9350990099009902
71550,0.1866498282864626,
71600,0.1515512854759345,
71650,0.1039264146550856,
71700,0.15256588323290088,
71750,0.18246268560798057,
71800,0.1496280439758789,
71850,0.13271967321413614,
71900,0.13426815537969333,
71950,0.22470690102245414,
72000,0.22634787529061653,0.9350990099009902
72050,0.2011874098176405,
72100,0.1481132934147098,
72150,0.157771626148578,
72200,0.22314312233094255,
72250,0.07804898584988151,
72300,0.1154293072190022,
72350,0.18293840310352563,
72400,0.09585162308807411,
72450,0.190011065339595,
72500,0.2578218215717425,0.9354455445544555
72550,0.16069441458617745,
72600,0.15537583507844815,
72650,0.04896549303149058,
72700,0.08702679092124185,
72750,0.27886234617885747,
72800,0.1430910698364613,
72850,0.14807338333244716,
72900,0.11349516469144319,
72950,0.13350678917946296,
73000,0.11728157969088386,0.9328712871287129
73050,0.08039159266996279,
73100,0.20520328262318002,
73150,0.26031659477280217,
73200,0.18151534464846875,
73250,0.15972676191306845,
73300,0.11507161868530019,
73350,0.19663569735774217,
73400,0.12774635250428104,
73450,0.12703015238270382,
73500,0.16403486907389364,0.9354455445544555
73550,0.17407380318400087,
73600,0.10154298421608474,
73650,0.1859980666735646,
73700,0.1047447897444907,
73750,0.23830125976833172,
73800,0.11807481110652575,
73850,0.25378865925053207,
73900,0.09577265201276518,
73950,0.16401793079922755,
74000,0.11776088916147245,0.9354455445544555
74050,0.1557568493429612,
74100,0.1457662251364546,
74150,0.12206210574101661,
74200,0.1454253247224733,
74250,0.11014451139944398,
74300,0.20454078573386825,
74350,0.10032084825614775,
74400,0.23799767400508232,
74450,0.29912993876744165,
74500,0.09860627519746686,0.9337128712871288
74550,0.12506352510113175,
74600,0.18505546150729743,
74650,0.12706036359231349,
74700,0.11768126961491361,
74750,0.08948422440183094,
74800,0.23294788401781716,
74850,0.10727624378296241,
74900,0.12500568466181095,
74950,0.29039186551467766,
75000,0.16362894328699554,0.9348019801980199
75050,0.32439418865647895,
75100,0.10669414351006366,
75150,0.12901419840965786,
75200,0.14778278425306537,
75250,0.10049021719075882,
75300,0.09822808193082892,
75350,0.18581309512133828,
75400,0.1370508894235411,
75450,0.06750622796077067,
75500,0.12721921587733262,0.9290099009900991
75550,0.28439543650837945,
75600,0.2666900538073753,
75650,0.24652759642620367,
75700,0.20841136553834075,
75750,0.22021062963913893,
75800,0.30809702048023596,
75850,0.10885699762212141,
75900,0.21743143578763835,
75950,0.36507337020620073,
76000,0.21590185900829909,0.9354455445544555
76050,0.18825729224887935,
76100,0.15587811426416465,
76150,0.24646562808146996,
76200,0.1999388196671998,
76250,0.11188748123636856,
76300,0.21362840817487153,
76350,0.10504435769948714,
76400,0.19549436275183324,
76450,0.0832121541459695,
76500,0.23185812412268078,0.9354455445544555
76550,0.23310772832890506,
76600,0.12934382165466787,
76650,0.14562792832003638,
76700,0.08440093923517196,
76750,0.20567276986760816,
76800,0.07697249082505976,
76850,0.1151340289864919,
76900,0.13331480842616186,
76950,0.20452433939541592,
77000,0.1791239697177069,0.9354455445544555
77050,0.08765643210162509,
77100,0.20491704450229392,
77150,0.22098416463041404,
77200,0.10344286475654371,
77250,0.11022955134326338,
77300,0.0753711231055705,
77350,0.14071968045659503,
77400,0.2076786215882362,
77450,0.16249318834118115,
77500,0.16642943533020899,0.9266831683168317
77550,0.27722437223406743,
77600,0.1771442520169569,
77650,0.17618402416867582,
77700,0.33320502584411316,
77750,0.09460786553311379,
77800,0.14190416778135784,
77850,0.09464259394138025,
77900,0.19962299752763557,
77950,0.17562366808123883,
78000,0.22141470252572149,0.9353960396039604
78050,0.19761543118322153,
78100,0.17458054404334689,
78150,0.2873476260565803,
78200,0.1788337727251519,
78250,0.20244402910093412,
78300,0.1617486810759145,
78350,0.10003992793139319,
78400,0.23659700288529037,
78450,0.19523227003868654,
78500,0.4450712283069879,0.9354455445544555
78550,0.1464468234969536,
78600,0.24128702347872605,
78650,0.19763172338833043,
78700,0.1867650307962252,
78750,0.17619149716068874,
78800,0.1814643716443004,
78850,0.12903851566718003,
78900,0.09673857931175874,
78950,0.2035237351033686,
79000,0.2577940643719506,0.9338118811881189
79050,0.17342527277542558,
79100,0.1651140949696537,
79150,0.13445915442029205,
79200,0.10350904777163678,
79250,0.08879249034946839,
79300,0.162579589235027,
79350,0.20429323425776602,
79400,0.15587709532271204,
79450,0.04995289582050589,
79500,0.11636124895233464,0.9354455445544555
79550,0.10587139076624098,
79600,0.1455083821329191,
79650,0.17150708065741072,
79700,0.2563476433453593,
79750,0.17984269638206002,
79800,0.1979077161986582,
79850,0.14666047724337206,
79900,0.1261191698959429,
79950,0.2261515349108595,
80000,0.07456902592066385,0.9354455445544555
80050,0.1476337889894785,
80100,0.1065918282553315,
80150,0.13758899848918077,
80200,0.19887253735768354,
80250,0.26814259453244743,
80300,0.14644965841617646,
80350,0.257748879262208,
80400,0.2009330419477192,
80450,0.07075457119046405,
80500,0.09485256088752067,0.9354455445544555
80550,0.18437401015383315,
80600,0.24851971131232858,
80650,0.10201578530535699,
80700,0.12419833240973276,
80750,0.2237942492979346,
80800,0.1279033475675952,
80850,0.160448799719711,
80900,0.17925318175605298,
80950,0.12498013384849387,
81000,0.1093360659409744,0.9354455445544555
81050,0.19481052966565343,
81100,0.20532872709998287,
81150,0.23982420974803959,
81200,0.11674053655718125,
81250,0.0949477753420797,
81300,0.24910323840248566,
81350,0.22867451284182608,
81400,0.22814132396022616,
81450,0.18385138656570235,
81500,0.15822493654368372,0.9338613861386139
81550,0.1375869649143874,
81600,0.13200730027197494,
81650,0.12610227229847823,
81700,0.22981679403499583,
81750,0.13741783693355955,
81800,0.2081471910542001,
81850,0.14560379169285156,
81900,0.1774622389803335,
81950,0.30660427405352036,
82000,0.1511289939060434,0.9354455445544555
82050,0.18096214244965267,
82100,0.22911067804652588,
82150,0.1853592078645306,
82200,0.19920526493686339,
82250,0.08027366338732506,
82300,0.23252214652816633,
82350,0.2146095548680114,
82400,0.15132905504377617,
82450,0.15090035362740195,
82500,0.14343883134256402,0.9343564356435644
82550,0.1701901532388547,
82600,0.19587942317115434,
82650,0.17957879811072872,
82700,0.16748323457910316,
82750,0.3143310786641905,
82800,0.11891321288769632,
82850,0.16718806250195484,
82900,0.09680675952105958,
82950,0.16314796440576174,
83000,0.2639566235979646,0.9354455445544555
83050,0.13092503171225417,
83100,0.19024072620944024,
83150,0.0911702677583662,
83200,0.11088873286927522,
83250,0.1621156511060836,
83300,0.10243682170623743,
83350,0.05670074137566857,
83400,0.21786064741932365,
83450,0.15829000196331094,
83500,0.16254660350992708,0.9354455445544555
83550,0.11846909432222447,
83600,0.23950669643104447,
83650,0.15363299275886674,
83700,0.10852266919358954,
83750,0.1524461068551318,
83800,0.13615372422314864,
83850,0.05458587078804953,
83900,0.20750141905823738,
83950,0.13782226374241177,
84000,0.15382349884211038,0.9354455445544555
84050,0.16891309276561742,
84100,0.25182672902671543,
84150,0.22165662687023996,
84200,0.10803841813462099,
84250,0.12467778802576035,
84300,0.17404926481700372,
84350,0.13261713409427842,
84400,0.1497965143606916,
84450,0.19177233884655606,
84500,0.09685800456170796,0.9354455445544555
84550,0.14312134249941194,
84600,0.1387664847067093,
84650,0.11923347687827558,
84700,0.1484801782015529,
84750,0.12705312729437523,
84800,0.12976282087827853,
84850,0.1024559500707619,
84900,0.08220266751855547,
84950,0.2572719242400353,
85000,0.11809983109529526,0.9354455445544555
85050,0.20375108288886623,
85100,0.1261906255218844,
85150,0.14290329706612284,
85200,0.2804134497714584,
85250,0.11790022192955675,
85300,0.1819997024514032,
85350,0.09426705579400732,
85400,0.15934774039553304,
85450,0.07681808440202928,
85500,0.12662839298474737,0.9354455445544555
85550,0.16425037520661134,
85600,0.0961132197387559,
85650,0.03862425136343063,
85700,0.27261061394077785,
85750,0.026306651682896243,
85800,0.2063691401970567,
85850,0.21494795450662138,
85900,0.12177911142887524,
85950,0.1983453491141654,
86000,0.11995337952655064,0.9354455445544555
86050,0.18699594164740801,
86100,0.20025138525654712,
86150,0.17853193932039843,
86200,0.1189957947848825,
86250,0.13658742814339106,
86300,0.20507525753331593,
86350,0.21023272213411473,
86400,0.16578677222220337,
86450,0.088943358198228,
86500,0.1707437010076501,0.9354455445544555
86550,0.26401051870545644,
86600,0.18328871691597384,
86650,0.06873560169879482,
86700,0.18797054276887806,
86750,0.17111254117167832,
86800,0.1377120454971144,
86850,0.1395021111850059,
86900,0.1214631818571604,
86950,0.16110470275141822,
87000,0.1399045039417591,0.9354455445544555
87050,0.10235938993358104,
87100,0.22578940331466554,
87150,0.15914385853554905,
87200,0.1625455202331068,
87250,0.14622594447369636,
87300,0.14272704733209138,
87350,0.09466474431037326,
87400,0.08679679971190125,
87450,0.10904004334935508,
87500,0.17554551124101408,0.9326732673267327
87550,0.14902540740132764,
87600,0.30418792230964725,
87650,0.18151411205158965,
87700,0.1661261364327845,
87750,0.09264148726448866,
87800,0.15369887166713966,
87850,0.18178933142255105,
87900,0.10007952878251246,
87950,0.09243171011608638,
88000,0.1783729901846482,0.9354455445544555
88050,0.05422213415378778,
88100,0.1414015945373953,
88150,0.16872540315852902,
88200,0.10479065933361184,
88250,0.1579768424520944,
88300,0.20377956370066613,
88350,0.16284481216693833,
88400,0.27322385320208453,
88450,0.2807314336385753,
88500,0.20532490338226125,0.9347524752475248
88550,0.17664205556842036,
88600,0.2247369508939937,
88650,0.10804107069147677,
88700,0.21451032527501396,
88750,0.09712148319675507,
88800,0.16675671250444324,
88850,0.1620895689867848,
88900,0.18189273508875645,
88950,0.1896685770739191,
89000,0.13017241634625576,0.9354455445544555
89050,0.15909239687648494,
89100,0.19166251481836072,
89150,0.2617206952777178,
89200,0.05201342903119524,
89250,0.21784376458866958,
89300,0.1707630400589548,
89350,0.11258728324668368,
89400,0.25611914900789257,
89450,0.08928617647057678,
89500,0.25788549807970396,0.934950495049505
89550,0.10714602965433868,
89600,0.15477399917283038,
89650,0.08917624923481071,
89700,0.08850528882310754,
89750,0.2308600704767548,
89800,0.18802815828944175,
89850,0.16375444532270167,
89900,0.07058224004353492,
89950,0.19070233593571145,
90000,0.22123735931270844,0.9354455445544555
90050,0.10628292462564673,
90100,0.1699267133187095,
90150,0.1175016097855206,
90200,0.1402691935398616,
90250,0.3535817022434792,
90300,0.30219266378051546,
90350,0.2495343208142367,
90400,0.09928609945600271,
90450,0.1789673880259511,
90500,0.10962551732599395,0.9347524752475248
90550,0.1323266293288907,
90600,0.1900840331292153,
90650,0.16596699761452327,
90700,0.1225072779055688,
90750,0.09916134049508059,
90800,0.16361097586634485,
90850,0.12058729246956545,
90900,0.07046140088505794,
90950,0.1503140538894604,
91000,0.3234154959250094,0.9354455445544555
91050,0.12306177735729464,
91100,0.1878681424667394,
91150,0.18899551207534343,
91200,0.15196721595727922,
91250,0.15788169649749761,
91300,0.21197982680245717,
91350,0.11980977123669603,
91400,0.17969701691697978,
91450,0.23785254856361449,
91500,0.054431762191488674,0.9354455445544555
91550,0.16132059209514352,
91600,0.10526087151625674,
91650,0.21774816769188418,
91700,0.14636221508531308,
91750,0.16818922598123137,
91800,0.24737782953523932,
91850,0.19906104836060365,
91900,0.2247242578614464,
91950,0.15711653558520539,
92000,0.12836614220411519,0.9354455445544555
92050,0.1104719177934021,
92100,0.16402928689046803,
92150,0.16209177316072312,
92200,0.15846693138518775,
92250,0.1681308918583453,
92300,0.1271062991380944,
92350,0.20345689751120005,
92400,0.14024569886099228,
92450,0.1593117157536426,
92500,0.10605836820071488,0.9354455445544555
92550,0.22012306780812238,
92600,0.1790593768437418,
92650,0.2018206506807951,
92700,0.2037991700065048,
92750,0.2254193113586369,
92800,0.11110787541571882,
92850,0.08656126919980864,
92900,0.14932254987618407,
92950,0.1299026590207312,
93000,0.4203101203243477,0.9321287128712872
93050,0.10506049579289524,
93100,0.19517505246000383,
93150,0.17120012522169417,
93200,0.1370721604106393,
93250,0.22544238642099884,
93300,0.15121153882726618,
93350,0.24666546306337053,
93400,0.13588518336731725,
93450,0.14576572032235846,
93500,0.22157724478031013,0.9354455445544555
93550,0.14812329220729567,
93600,0.18392012833650312,
93650,0.1843927860910115,
93700,0.17350745519886673,
93750,0.18185879500635552,
93800,0.19864856857579924,
93850,0.17486221435221708,
93900,0.15517112969753272,
93950,0.1335975479758109,
94000,0.07309575595222896,0.9347524752475248
94050,0.07072772295290519,
94100,0.1904757812172008,
94150,0.17908322033541935,
94200,0.10197234261277913,
94250,0.11223472140409285,
94300,0.17998441990689557,
94350,0.15067192611014377,
94400,0.10561475255747922,
94450,0.14763734396078176,
94500,0.14930126646344433,0.9354455445544555
94550,0.1264763811415149,
94600,0.2014485954084057,
94650,0.12713843979776981,
94700,0.09382049417393092,
94750,0.14487009053642397,
94800,0.18951754495748901,
94850,0.1426517223338658,
94900,0.183886224712046,
94950,0.15145867201186988,
95000,0.07581137177797871,0.9354455445544555
95050,0.08240252834832688,
95100,0.15992559332749465,
95150,0.16834136753212078,
95200,0.08504586510618992,
95250,0.3711837035076762,
95300,0.2421270850527003,
95350,0.14762475081114418,
95400,0.23313615075981942,
95450,0.17363801252733083,
95500,0.09888553834548873,0.9354455445544555
95550,0.24338665043584115,
95600,0.16608997489669491,
95650,0.18078664320374854,
95700,0.1331615814746965,
95750,0.14099993396444915,
95800,0.17943310847524047,
95850,0.16197509794328538,
95900,0.122184082831007,
95950,0.11406682351051031,
96000,0.19922940205081077,0.9348019801980199
96050,0.08710627208277956,
96100,0.24643812162153125,
96150,0.12889743481781807,
96200,0.08497041213660324,
96250,0.16314543849835886,
96300,0.25774750922245404,
96350,0.19307769548722703,
96400,0.19021384430841862,
96450,0.09525512571352564,
96500,0.1176532465640409,0.9354455445544555
96550,0.12770596232044426,
96600,0.12247896653440876,
96650,0.04222945099462635,
96700,0.09301162208739697,
96750,0.047744243270709606,
96800,0.13136494452814987,
96850,0.15552679444546455,
96900,0.21997089247276605,
96950,0.11709317931449277,
97000,0.13773936487642457,0.9354455445544555
97050,0.198942659821696,
97100,0.12028083102729795,
97150,0.21730855919710848,
97200,0.28957050161537834,
97250,0.09749361286754193,
97300,0.15198868961211573,
97350,0.09906020039605153,
97400,0.14036931325099375,
97450,0.10817560022643591,
97500,0.10443850137063236,0.9354455445544555
97550,0.16965861763652357,
97600,0.13921202774612992,
97650,0.22267396118255178,
97700,0.1693590718325089,
97750,0.18785905728475996,
97800,0.16856956488214095,
97850,0.19950798763252522,
97900,0.1992336326284567,
97950,0.10870850390874097,
98000,0.15209230803073268,0.9354455445544555
98050,0.13316113428405443,
98100,0.11271552578077262,
98150,0.08272346592686787,
98200,0.08532648336577608,
98250,0.19309553144477376,
98300,0.1648792057491795,
98350,0.16060328463952586,
98400,0.18105711549256057,
98450,0.19505663614717988,
98500,0.04408607797088962,0.9354455445544555
98550,0.10918728995887549,
98600,0.1426058970391658,
98650,0.3369094566104057,
98700,0.12833421515446333,
98750,0.08229027950777208,
98800,0.1377834509055424,
98850,0.13676513443904242,
98900,0.2274671860006856,
98950,0.21852927732494606,
99000,0.1328273727600748,0.9330693069306931
99050,0.142333091056571,
99100,0.19097769519779817,
99150,0.20249904927745774,
99200,0.13552355001430427,
99250,0.33846207686684465,
99300,0.3290597702879131,
99350,0.2904931170741109,
99400,0.1575515600453177,
99450,0.24719200160224816,
99500,0.09988322672821369,0.9252970297029703
99550,0.1470695128457021,
99600,0.09990511178569576,
99650,0.2746708881069479,
99700,0.21211909233221377,
99750,0.19415716437663377,
99800,0.07767451202033002,
99850,0.23994181921916607,
99900,0.37504039172966375,
99950,0.23895687421649994,
100000,0.08093350991909745,0.9354455445544555
100050,0.08845472143980032,
100100,0.13051836406849787,
100150,0.13122469804606113,
100200,0.16249143611677938,
100250,0.14916891363885895,
100300,0.1993629171339012,
100350,0.14919268339158862,
100400,0.3051354510757983,
100450,0.10012014165957155,
100500,0.11144173077510913,0.9352970297029704
100550,0.16980594835204102,
100600,0.12565679461282728,
100650,0.2517319728107179,
100700,0.13168411220651194,
100750,0.1967999994857381,
100800,0.14295166534106044,
100850,0.12009279309992707,
100900,0.1284952838434674,
100950,0.12077228447822548,
101000,0.17155807616653873,0.9354455445544555
101050,0.1820673642473092,
101100,0.07116666588675087,
101150,0.18470259804648323,
101200,0.03225617522902525,
101250,0.07056408394642859,
101300,0.3138311399474827,
101350,0.09226556601390982,
101400,0.1397646626549522,
101450,0.1997081972684441,
101500,0.1743421644931277,0.9354455445544555
101550,0.19170182915203995,
101600,0.14190411741593834,
101650,0.0566152877940209,
101700,0.15139203403485,
101750,0.1811709646970664,
101800,0.14494939921546574,
101850,0.12420382393463797,
101900,0.17114781095791712,
101950,0.12299144729039824,
102000,0.15267481202821714,0.9354455445544555
102050,0.11282798500946228,
102100,0.2001167926357124,
102150,0.23677532695171977,
102200,0.1299592426418326,
102250,0.09807808141646078,
102300,0.22058625807170743,
102350,0.22705327558291613,
102400,0.12220610974023188,
102450,0.06789481887178553,
102500,0.14117600418241183,0.9354455445544555
102550,0.20998034057804035,
102600,0.08420073391919772,
102650,0.15804122395744344,
102700,0.20405530090184074,
102750,0.1637414387087324,
102800,0.11920265111710236,
102850,0.19860370443459488,
102900,0.14799446583678771,
102950,0.12723896335791765,
103000,0.2551049939913963,0.9354455445544555
103050,0.10920412787568452,
103100,0.17799729914720147,
103150,0.1398081613704737,
103200,0.20383348360791032,
103250,0.19345280192341308,
103300,0.1514756967445919,
103350,0.13622598962945617,
103400,0.1209167697437789,
103450,0.15724107100333626,
103500,0.18236549467503196,0.9342079207920793
103550,0.20696667785290274,
103600,0.09985825386349433,
103650,0.19297869941390658,
103700,0.12283467950714112,
103750,0.12412223869465379,
103800,0.12529831018438017,
103850,0.16504175268964447,
103900,0.09120480332698136,
103950,0.22836032234801665,
104000,0.32140415610152556,0.9231188118811882
104050,0.10300949849916777,
104100,0.12526874315608438,
104150,0.13074908137848026,
104200,0.13734767134938863,
104250,0.1480529018062873,
104300,0.1810310734087034,
104350,0.04325825114627094,
104400,0.11406925311824338,
104450,0.22563707446206535,
104500,0.2694921844001135,0.9327227722772278
104550,0.17246240793348988,
104600,0.08512279321247647,
104650,0.059441246515486906,
104700,0.16830279314889254,
104750,0.17655232310295105,
104800,0.3124772108072601,
104850,0.18706977045602785,
104900,0.24710437473611704,
104950,0.08615579602972488,
105000,0.1543622657237937,0.934950495049505
105050,0.19170824652872384,
105100,0.1829267374124174,
105150,0.14283156219239573,
105200,0.11565329439305173,
105250,0.22229954261390844,
105300,0.11108236845098815,
105350,0.14315768005714063,
105400,0.10507010359426644,
105450,0.26510207453475443,
105500,0.16464864629502698,0.9354455445544555
105550,0.19589466369534136,
105600,0.11938900226230544,
105650,0.16630607350419738,
105700,0.1361517831918445,
105750,0.23895422264057728,
105800,0.13479602718729425,
105850,0.08732673017311071,
105900,0.1658475938911215,
105950,0.11864964652005824,
106000,0.15869196853849643,0.9354455445544555
106050,0.14846027307096846,
106100,0.06392594319357726,
106150,0.13212030952139003,
106200,0.23964159881458727,
106250,0.13455588113901598,
106300,0.11947255679062437,
106350,0.1970047801940251,
106400,0.14469066469841438,
106450,0.09276944716099464,
106500,0.14845001270301736,0.9354455445544555
106550,0.20410141266872187,
106600,0.0893793906596693,
106650,0.20318878291307554,
106700,0.1506914253343085,
106750,0.08945499690948026,
106800,0.19908639536093686,
106850,0.025171255535075262,
106900,0.1658651346276018,
106950,0.23202580633484046,
107000,0.19295606578380556,0.9354455445544555
107050,0.09614184177809407,
107100,0.13346443228510907,
107150,0.18414571307861138,
107200,0.14053538545962907,
107250,0.2390481532184208,
107300,0.16038715657014094,
107350,0.16277885489456254,
107400,0.22354042906266386,
107450,0.23584919871867896,
107500,0.16195791245724592,0.934950495049505
107550,0.12592604953789077,
107600,0.14888314585912213,
107650,0.08246045220766973,
107700,0.13662244044498492,
107750,0.29538999264898835,
107800,0.12586517670713873,
107850,0.2751405541117127,
107900,0.17913203820248783,
107950,0.1446968165229258,
108000,0.05538562633332845,0.9354455445544555
108050,0.16988171984078917,
108100,0.10407296026091557,
108150,0.134320418883285,
108200,0.19052775556178275,
108250,0.14533426637936586,
108300,0.1293194688408356,
108350,0.14992699771179674,
108400,0.23358621474896155,
108450,0.17079604716887842,
108500,0.0920836629087529,0.9347029702970298
108550,0.0236208412871882,
108600,0.11534771174539628,
108650,0.11358214550523144,
108700,0.08043464809474245,
108750,0.15850488301996835,
108800,0.20386875099832197,
108850,0.32298347685074985,
108900,0.13014795173226873,
108950,0.15689390364799224,
109000,0.08640772350735687,0.9301980198019802
109050,0.17028723279590352,
109100,0.1928077736125806,
109150,0.2085457040322534,
109200,0.13008959029626566,
109250,0.18538351242196768,
109300,0.2400007642523491,
109350,0.1587553238540657,
109400,0.20622247853714498,
109450,0.10440149394506065,
109500,0.18294139087618533,0.9354455445544555
109550,0.1565509728833784,
109600,0.18616650643016328,
109650,0.22249601097951982,
109700,0.22826961433998236,
109750,0.18853208647820793,
109800,0.1463821334233694,
109850,0.1282877188365046,
109900,0.1369839517115902,
109950,0.10214521464520644,
110000,0.10944244227169733,0.9354455445544555
110050,0.14801803730020752,
110100,0.2016132839557656,
110150,0.0997445268979186,
110200,0.1527292988226725,
110250,0.14523219349379346,
110300,0.14670709561076364,
110350,0.11729816135382151,
110400,0.11164306445561806,
110450,0.15028232247743276,
110500,0.15859094444664948,0.9354455445544555
110550,0.1541684651313699,
110600,0.12299317793087085,
110650,0.15539257283025948,
110700,0.08826027221373806,
110750,0.23175987343722554,
110800,0.26053767044293635,
110850,0.245355866867626,
110900,0.10050990417290379,
110950,0.1141873926212969,
111000,0.15898831326114304,0.9354455445544555
111050,0.09657288413542232,
111100,0.11469380595045081,
111150,0.11401556008059614,
111200,0.19592696934731052,
111250,0.18837219863893892,
111300,0.10867483285254778,
111350,0.035800688562626276,
111400,0.16070176144771267,
111450,0.20714460703578993,
111500,0.18328027701350946,0.92490099009901
111550,0.15110653415109937,
111600,0.2311823677421282,
111650,0.2816105706703226,
111700,0.23923750552185083,
111750,0.18860131949889336,
111800,0.14445285476284084,
111850,0.12451071100939984,
111900,0.17821688051847104,
111950,0.4992543241210818,
112000,0.1438687226692855,0.9256435643564357
112050,0.3491484369198406,
112100,0.20122833892813957,
112150,0.19412855714782268,
112200,0.1891891893261959,
112250,0.14948275997870852,
112300,0.06562092779014037,
112350,0.3407528491755227,
112400,0.25912037644840724,
112450,0.09799260899337242,
112500,0.2840251786891986,0.9354455445544555
112550,0.15581456357298507,
112600,0.21806014208574198,
112650,0.17665281934205268,
112700,0.17022228115079996,
112750,0.11929819829745156,
112800,0.14009823516217465,
112850,0.14674591256341188,
112900,0.21272528282845088,
112950,0.1748977952918176,
113000,0.11280173090538867,0.9354455445544555
113050,0.200240279216614,
113100,0.18388031680022324,
113150,0.17648644356087062,
113200,0.1782264781683898,
113250,0.1438491357407696,
113300,0.18202350340059525,
113350,0.1762099789397189,
113400,0.15130610258940308,
113450,0.07294724040962591,
113500,0.15264817504027092,0.9354455445544555
113550,0.212245387311832,
113600,0.1927148005360395,
113650,0.16693637489449345,
113700,0.15293754819486366,
113750,0.25251775015545147,
113800,0.1400403549025144,
113850,0.11897659737994104,
113900,0.27651279059451556,
113950,0.12185323569143065,
114000,0.13225053104117707,0.9346534653465347
114050,0.1616840490470699,
114100,0.1659505624674671,
114150,0.21950870592140675,
114200,0.05618628504310777,
114250,0.14723493827636602,
114300,0.19424266235685977,
114350,0.12107178819047235,
114400,0.25848620743943684,
114450,0.14372245559900876,
114500,0.1568260321313754,0.9341089108910892
114550,0.1714746012905266,
114600,0.18030899731731323,
114650,0.210565911118465,
114700,0.14004193445185592,
114750,0.2645184267342829,
114800,0.1389102429937337,
114850,0.1792677878896572,
114900,0.08112582639842003,
114950,0.13764519044670565,
115000,0.19244360404660937,0.9287128712871288
115050,0.28099671785057123,
115100,0.12215625702665363,
115150,0.12693602101741802,
115200,0.09330404216627343,
115250,0.06792160815501092,
115300,0.15963589536794642,
115350,0.13473075961539507,
115400,0.041850960139717445,
115450,0.21186131632130129,
115500,0.31399889773659995,0.9317821782178218
115550,0.061320186532075244,
115600,0.14960025872191637,
115650,0.2157786276224941,
115700,0.0352302555677646,
115750,0.13483972998582316,
115800,0.17339112002859053,
115850,0.08717233482086371,
115900,0.18094414559061847,
115950,0.1481376540992686,
116000,0.17406389991062043,0.9354455445544555
116050,0.18512354109498674,
116100,0.2890462702861987,
116150,0.21128176714433722,
116200,0.15930985326831318,
116250,0.11985768678254317,
116300,0.08715331316475386,
116350,0.10654097206006426,
116400,0.14649518501495037,
116450,0.08270215807504427,
116500,0.17738270718428453,0.9354455445544555
116550,0.1924716780273866,
116600,0.1178842011255523,
116650,0.10398085740490842,
116700,0.15736597324992999,
116750,0.10640270607536849,
116800,0.12701592971136505,
116850,0.1589859813416382,
116900,0.18983345715110772,
116950,0.2174024244043538,
117000,0.1823191023992507,0.9344059405940595
117050,0.1825619004096312,
117100,0.24563787933400136,
117150,0.15389623045048167,
117200,0.13908882987820503,
117250,0.11832159163501445,
117300,0.2051464480958735,
117350,0.1038951380490721,
117400,0.15349768388964094,
117450,0.08870142924838774,
117500,0.10407035817138194,0.9354455445544555
117550,0.1223047288369706,
117600,0.18237860459303193,
117650,0.05170467515243104,
117700,0.11567597263167045,
117750,0.09275202774079744,
117800,0.09229844386960394,
117850,0.0735748627209749,
117900,0.3021641963214891,
117950,0.15394062083437063,
118000,0.1973598402995978,0.9330198019801981
118050,0.16419650980515144,
118100,0.14241744254552485,
118150,0.22212362601574343,
118200,0.15669253164979183,
118250,0.19280781067325706,
118300,0.1767892902098525,
118350,0.18548641877547994,
118400,0.1486574642627596,
118450,0.1623634373020012,
118500,0.17032889011680638,0.9354455445544555
118550,0.126984250399767,
118600,0.10853541322005811,
118650,0.176499491390167,
118700,0.14015666144276082,
118750,0.14766845008531732,
118800,0.09989982862817612,
118850,0.0752920719852034,
118900,0.052722647756669405,
118950,0.2558282697244202,
119000,0.20312723363742635,0.9354455445544555
119050,0.13963862801052287,
119100,0.10217180495591877,
119150,0.09146378425671997,
119200,0.16386135705204963,
119250,0.13359786817800284,
119300,0.11910366764292107,
119350,0.18097881712575828,
119400,0.12965202412550694,
119450,0.2261231234204814,
119500,0.115460783913786,0.9354455445544555
119550,0.10111193974542332,
119600,0.08048581603252387,
119650,0.1460860648020426,
119700,0.13429574564862534,
119750,0.0983217966431674,
119800,0.16725823020500685,
119850,0.12506784366822088,
119900,0.2688388124541865,
119950,0.22834932833851737,
120000,0.14874958220594636,0.9354455445544555
120050,0.314164231710929,
120100,0.2702761321524768,
120150,0.11820455656120372,
120200,0.12374343726813095,
120250,0.059665045547099,
120300,0.13897211300614346,
120350,0.1813194957003543,
120400,0.18553960375602116,
120450,0.19498026153865566,
120500,0.1596861302938055,0.9354455445544555
120550,0.23073996431571372,
120600,0.23107910678670096,
120650,0.2034775109519478,
120700,0.094336551914257,
120750,0.11492254987135767,
120800,0.10808281484773943,
120850,0.08728552790660388,
120900,0.14145320836467803,
120950,0.13878590521136844,
121000,0.12067028503176971,0.9354455445544555
121050,0.09448299803153062,
121100,0.23432871184164014,
121150,0.10510692537132556,
121200,0.09938357775648882,
121250,0.10048516291677459,
121300,0.11401960259555949,
121350,0.19864320566839525,
121400,0.12156641561457945,
121450,0.20913980830175177,
121500,0.06605549980908108,0.9354455445544555
121550,0.13812296377200256,
121600,0.21206133688186127,
121650,0.1861765760560229,
121700,0.1990168544863809,
121750,0.15626913482357835,
121800,0.042764062545838186,
121850,0.07770122450452106,
121900,0.13908585743475385,
121950,0.08561434638355081,
122000,0.187119083383256,0.9354455445544555
122050,0.06734179504446501,
122100,0.09958777090531384,
122150,0.1694543019074055,
122200,0.10151924644774567,
122250,0.07938107848130116,
122300,0.13510160765135354,
122350,0.14960142393289047,
122400,0.1889754545038032,
122450,0.1287919127612969,
122500,0.16606097007399895,0.9113861386138614
122550,0.6431371985137889,
122600,0.3023246291093528,
122650,0.23956267480345558,
122700,0.12367377399163161,
122750,0.14659316711618814,
122800,0.36154019363012824,
122850,0.15413666010964902,
122900,0.1460581245514277,
122950,0.09829593122324866,
123000,0.16422210711594715,0.9354455445544555
123050,0.18160283411576372,
123100,0.1420414952924868,
123150,0.047927726471286715,
123200,0.24040954992218302,
123250,0.17563039693455706,
123300,0.1303077974374668,
123350,0.08404150478642236,
123400,0.1244449886554365,
123450,0.1356379449413407,
123500,0.24956710901630672,0.9354455445544555
123550,0.1692036488424111,
123600,0.07379986874405219,
123650,0.14159694691821642,
123700,0.2593604206932326,
123750,0.11579871355599963,
123800,0.15868011205502555,
123850,0.10536510005983132,
123900,0.06956946203672018,
123950,0.1374525117405571,
124000,0.140059776962662,0.9348514851485149
124050,0.12664437503088266,
124100,0.22976748416142073,
124150,0.1363582505190516,
124200,0.14107858691962064,
124250,0.10640899721272704,
124300,0.11409222651175469,
124350,0.16165216422959475,
124400,0.14312870060071858,
124450,0.08508749977637307,
124500,0.5600524034144655,0.9276732673267327
124550,0.22374597301527502,
124600,0.30189629219378505,
124650,0.19829818023754042,
124700,0.12170024634058052,
124750,0.1413211837268318,
124800,0.20061287323876045,
124850,0.1992873495365103,
124900,0.18736022931677554,
124950,0.10047318257478566,
125000,0.10260583313364577,0.9354455445544555
125050,0.16470841903354014,
125100,0.12492580080810967,
125150,0.11438483822868861,
125200,0.17004786513623912,
125250,0.1445004592952364,
125300,0.19466632514255253,
125350,0.11221597577152295,
125400,0.26190014800008155,
125450,0.1596137649584398,
125500,0.14883658516895593,0.929950495049505
125550,0.20737436381296903,
125600,0.12711629456918103,
125650,0.18274880682621159,
125700,0.18883033397461532,
125750,0.09444850089575965,
125800,0.08456919435454154,
125850,0.21506967710634853,
125900,0.1905578078379449,
125950,0.22289849993404687,
126000,0.287495693230303,0.9182673267326733
126050,0.2927076371072235,
126100,0.2202304104561324,
126150,0.11842203570439779,
126200,0.18118449323529318,
126250,0.1042543349319817,
126300,0.11707044726486344,
126350,0.1911708332638682,
126400,0.12688325638837766,
126450,0.15402597873954618,
126500,0.06355759811593074,0.9354455445544555
126550,0.25533554007047315,
126600,0.09220071810166929,
126650,0.09238908200682829,
126700,0.20935267780758055,
126750,0.18344670652176417,
126800,0.15242649102297945,
126850,0.09000064380529978,
126900,0.03405989890296013,
126950,0.14525096549972547,
127000,0.07865607220676964,0.9352475247524753
127050,0.14112443155318005,
127100,0.20883723931855386,
127150,0.07155562739301104,
127200,0.1423805827668116,
127250,0.10027713254143222,
127300,0.13719751006250575,
127350,0.13900039036256018,
127400,0.09322893855434813,
127450,0.2753399084170357,
127500,0.20739275132989404,0.9301485148514852
127550,0.18786847418139302,
127600,0.22071063096850752,
127650,0.2564135038942186,
127700,0.2026067673962619,
127750,0.11745824992801886,
127800,0.11444600750315317,
127850,0.09688031311978705,
127900,0.13828964253061712,
127950,0.144385094120521,
128000,0.16728155136769146,0.9330198019801981
128050,0.18244414490361238,
128100,0.13002138225567933,
128150,0.1694261833514611,
128200,0.25958014460003354,
128250,0.09151290802366346,
128300,0.12061497607219167,
128350,0.11695505576800884,
128400,0.07142985436279091,
128450,0.21894549708931094,
128500,0.1975104804156399,0.9345049504950496
128550,0.15375880174936354,
128600,0.2645034675144052,
128650,0.10652171360677869,
128700,0.21912007077749876,
128750,0.16367793147452162,
128800,0.09893191767232551,
128850,0.16731443329995271,
128900,0.1595118932149026,
128950,0.2393998998346386,
129000,0.28948170783286853,0.9328217821782179
129050,0.14181659282093734,
129100,0.1558660867325193,
129150,0.07593253709369946,
129200,0.21467660074706146,
129250,0.0943815924104402,
129300,0.11190880234971175,
129350,0.1481054145792035,
129400,0.1056888331787188,
129450,0.13393415704567815,
129500,0.562528908306121,0.9335643564356436
129550,0.17087286819456493,
129600,0.19479691052969428,
129650,0.1708780742791987,
129700,0.0853014051839493,
129750,0.13043363070862937,
129800,0.16512729607908114,
129850,0.23131512657073358,
129900,0.1767358987283359,
129950,0.13538580010026408,
130000,0.09347051320293062,0.9341584158415842
130050,0.10617463087683518,
130100,0.07376276479331352,
130150,0.19118591542562158,
130200,0.1394446498377958,
130250,0.21706684939728788,
130300,0.10953503832568132,
130350,0.11348865871734518,
130400,0.20282713200013858,
130450,0.22871594875836762,
130500,0.0633977520868693,0.9335643564356436
130550,0.12720778640591107,
130600,0.2256529870901497,
130650,0.10076882492096047,
130700,0.1278449501080104,
130750,0.028045612996781984,
130800,0.19260252848354584,
130850,0.21177947069395017,
130900,0.09697149442203909,
130950,0.15289853885816854,
131000,0.11652413389502726,0.9345049504950496
131050,0.1340561115721556,
131100,0.20169017981277648,
131150,0.18569896231245367,
131200,0.18421532219651,
131250,0.11488410681492894,
131300,0.04165537882546218,
131350,0.1526531029318538,
131400,0.2100585853316521,
131450,0.11706272547177775,
131500,0.16858064656389615,0.9354455445544555
131550,0.057819170687325824,
131600,0.1283811536574717,
131650,0.09909580144592751,
131700,0.12450321557501866,
131750,0.23213798710951095,
131800,0.08003501661953578,
131850,0.15943318207224252,
131900,0.22961065864659416,
131950,0.12219140827622922,
132000,0.09201795359544064,0.9340099009900991
132050,0.07583304090833679,
132100,0.08960108487774604,
132150,0.17737981647534964,
132200,0.14980055645253743,
132250,0.30740616936539483,
132300,0.11690723820549849,
132350,0.13882437998116004,
132400,0.11793212378324824,
132450,0.1954877006679635,
132500,0.10177815966406001,0.9354455445544555
132550,0.19070319910109773,
132600,0.03684110571819133,
132650,0.16447844213178484,
132700,0.08426235882245237,
132750,0.17334894228129755,
132800,0.360581530018753,
132850,0.14907073325474754,
132900,0.10280398281914926,
132950,0.09391435393655499,
133000,0.19475477656862494,0.9348514851485149
133050,0.16480994534784257,
133100,0.11212533655299695,
133150,0.17313477389175602,
133200,0.1355348980524194,
133250,0.1146587171501045,
133300,0.209515439841324,
133350,0.10504667993516704,
133400,0.1511634823242639,
133450,0.24812274792313901,
133500,0.12429175285689781,0.9157920792079208
133550,0.2774162251241782,
133600,0.06921729288259669,
133650,0.12304621436691036,
133700,0.2460981916518716,
133750,0.2554896509959502,
133800,0.12646936876289133,
133850,0.20061677771427638,
133900,0.1974012983425426,
133950,0.1823731144033694,
134000,0.14486322733323945,0.9345544554455446
134050,0.21744389625125052,
134100,0.1426741474552817,
134150,0.12402113902716323,
134200,0.1903457737151075,
134250,0.12255254234486472,
134300,0.16024084946725212,
134350,0.21750861219130413,
134400,0.1224510658097725,
134450,0.1902737282273027,
134500,0.14704552009166946,0.9354455445544555
134550,0.24449745401849213,
134600,0.19157500010679201,
134650,0.14768714976554292,
134700,0.23060034795998036,
134750,0.11140804732365239,
134800,0.10379193583514279,
134850,0.20782345602696295,
134900,0.12700341957583647,
134950,0.22449621149855317,
135000,0.1296756043628204,0.9354455445544555
135050,0.12813283577575021,
135100,0.17110518944260433,
135150,0.14277105488777353,
135200,0.14833780252243614,
135250,0.16232988946750937,
135300,0.04985093750439645,
135350,0.14522916296356697,
135400,0.09227776728240755,
135450,0.14724135909513222,
135500,0.21192280441457115,0.9354455445544555
135550,0.09868192184391418,
135600,0.11891784341779356,
135650,0.13495400456385936,
135700,0.1651743393987263,
135750,0.1161862505770749,
135800,0.12576786945336607,
135850,0.05649411093443632,
135900,0.5180849654118902,
135950,0.4793539216608769,
136000,0.22180682082587735,0.921980198019802
136050,0.11247870701085504,
136100,0.13573836777117762,
136150,0.14447892366486484,
136200,0.1602818449756886,
136250,0.11569437580697524,
136300,0.21545552022988942,
136350,0.22166633413126874,
136400,0.202134918387419,
136450,0.2300846201030788,
136500,0.1822497305894369,0.9354455445544555
136550,0.30530563093718555,
136600,0.2075117851100106,
136650,0.14397432884899886,
136700,0.10619219864887781,
136750,0.2472769913922633,
136800,0.23162615514130266,
136850,0.10384448107729667,
136900,0.17549113381155165,
136950,0.11657156562790078,
137000,0.17936077944174925,0.9354455445544555
137050,0.12044836054325515,
137100,0.38945529266884804,
137150,0.1443138848818802,
137200,0.16656632993687254,
137250,0.12374532448562718,
137300,0.20409251545944643,
137350,0.15075738098981561,
137400,0.12492095979309852,
137450,0.1682533149814877,
137500,0.10624877568915508,0.9353465346534654
137550,0.07020777010309985,
137600,0.1356971739390792,
137650,0.17450380853842945,
137700,0.17823298578410218,
137750,0.12586850435612745,
137800,0.09502910385130178,
137850,0.2063146867226804,
137900,0.18804788252298066,
137950,0.17564782695739267,
138000,0.15012093917663122,0.9328217821782179
138050,0.08036250328034825,
138100,0.2322257568332131,
138150,0.157839012092154,
138200,0.1984973475345157,
138250,0.27887232733635586,
138300,0.1605478910824752,
138350,0.17222373471109675,
138400,0.15288685912934596,
138450,0.07996847354006605,
138500,0.0966503855097379,0.93490099009901
138550,0.22146435210144078,
138600,0.1887473936837341,
138650,0.15720073692395928,
138700,0.12005084713352232,
138750,0.20415253300881872,
138800,0.15006603981280933,
138850,0.09548537664204942,
138900,0.12999077078070514,
138950,0.08840864911676363,
139000,0.3551627084688516,0.9354455445544555
139050,0.1556917133768138,
139100,0.21027032880331248,
139150,0.09863265838608641,
139200,0.21556567464837542,
139250,0.2037606220358667,
139300,0.13191564776925446,
139350,0.13633795408379001,
139400,0.09225099139835492,
139450,0.12960631390042976,
139500,0.14734937299013823,0.9316831683168317
139550,0.17484660420156545,
139600,0.27497411370061725,
139650,0.172024965049859,
139700,0.08131919603629967,
139750,0.17480408247290596,
139800,0.08850486820490915,
139850,0.11255284909471812,
139900,0.11892605684697628,
139950,0.14920234069326838,
140000,0.06355147648602269,0.9315841584158416
140050,0.238525964178243,
140100,0.2706341492398178,
140150,0.17585395501016576,
140200,0.10299617181625535,
140250,0.05494712179387179,
140300,0.1928546001016309,
140350,0.17777357707648775,
140400,0.13980119653937406,
140450,0.16358047885762006,
140500,0.08940196914344596,0.9354455445544555
140550,0.1362829510353049,
140600,0.3345316035696304,
140650,0.16622189900083867,
140700,0.14151858411484441,
140750,0.17072470586103008,
140800,0.2089520397584147,
140850,0.1568280303536676,
140900,0.2059356995273957,
140950,0.08723843254588416,
141000,0.18028133563969959,0.9346534653465347
141050,0.2734560446329124,
141100,0.14283857257658356,
141150,0.16579065024692669,
141200,0.17463548667040868,
141250,0.16420090987139532,
141300,0.1733055037824633,
141350,0.30865302779710857,
141400,0.1880889118016421,
141450,0.1855119058563014,
141500,0.09619253629294278,0.9346534653465347
141550,0.10335921718208724,
141600,0.09956294057436878,
141650,0.16432428101001165,
141700,0.18364914923849468,
141750,0.13383272409439087,
141800,0.1664516117084054,
141850,0.3018324187607503,
141900,0.14448751389921938,
141950,0.19115664457153458,
142000,0.20258633602363246,0.9354455445544555
142050,0.1326339653539253,
142100,0.21544406321359916,
142150,0.08560220686980244,
142200,0.07864334209112699,
142250,0.10383882056960815,
142300,0.10756422513311704,
142350,0.24573246753396233,
142400,0.10383271632716032,
142450,0.09641516048344556,
142500,0.21224472761099378,0.9354455445544555
142550,0.1662963523915866,
142600,0.06753473420940737,
142650,0.15693751454353305,
142700,0.1345044642608626,
142750,0.057890179100792236,
142800,0.0996075685857521,
142850,0.09399203451947628,
142900,0.06342965897403588,
142950,0.21818507759332634,
143000,0.13006574784027053,0.9291089108910892
143050,0.22179564129638038,
143100,0.1683815625493912,
143150,0.14434234423802308,
143200,0.22753976503619583,
143250,0.08072402179214294,
143300,0.1487794569745165,
143350,0.1357829360908363,
143400,0.1465639539448503,
143450,0.13621416827430863,
143500,0.13411950300163866,0.9354455445544555
143550,0.10305746469129645,
143600,0.18769001352971826,
143650,0.11616110503186505,
143700,0.15311140706967252,
143750,0.16384926926068147,
143800,0.1365449120106689,
143850,0.07797661447802852,
143900,0.13250849600589618,
143950,0.1403839343977188,
144000,0.11826643322834457,0.9354455445544555
144050,0.1490208563502165,
144100,0.08406553571814569,
144150,0.2197537368060239,
144200,0.14876670058129038,
144250,0.22086903304175393,
144300,0.19145756319159773,
144350,0.11806955564054007,
144400,0.18635925756606866,
144450,0.14574475711555807,
144500,0.29590135136265416,0.9353465346534654
144550,0.11864217132591862,
144600,0.18649464274274521,
144650,0.20771095508715007,
144700,0.09018588128418742,
144750,0.18949911708472186,
144800,0.13750902836006618,
144850,0.22141392447370778,
144900,0.09332460127116178,
144950,0.09324372933388304,
145000,0.09783820369167728,0.9321287128712872
145050,0.1675299626450304,
145100,0.26384152859418,
145150,0.2327867206821611,
145200,0.15764215230941758,
145250,0.0725335578466182,
145300,0.2024187123773754,
145350,1.748106145519805,
145400,0.3283175115007907,
145450,0.22841933205515702,
145500,0.15286725473860316,0.9354455445544555
145550,0.20123787334327062,
145600,0.1921997099360965,
145650,0.10343859798741036,
145700,0.18797719675888389,
145750,0.06897344656631262,
145800,0.08158701741745972,
145850,0.2607864860074369,
145900,0.22323713935413936,
145950,0.21383123935112963,
146000,0.210339771975507,0.9354455445544555
146050,0.07135204294695029,
146100,0.08278922681711208,
146150,0.12571696388622514,
146200,0.09142117267991125,
146250,0.10365651547906055,
146300,0.09639294170076013,
146350,0.22506928073222526,
146400,0.10054252592384728,
146450,0.0716708052158343,
146500,0.13762247543915693,0.9354455445544555
146550,0.18334680407111578,
146600,0.10568032414413665,
146650,0.3329082977006959,
146700,0.23494887791603047,
146750,0.13618129527745582,
146800,0.19869279323473152,
146850,0.1480460533998837,
146900,0.16102885096244776,
146950,0.15321155492911145,
147000,0.15965444431915302,0.9354455445544555
147050,0.1122954325727187,
147100,0.2066701755532813,
147150,0.13714535377044057,
147200,0.13106584607644947,
147250,0.07938165410798305,
147300,0.12085295542364179,
147350,0.05712714812543311,
147400,0.20024761003776007,
147450,0.09889354163981239,
147500,0.13822150096658903,0.9354455445544555
147550,0.08704482827310002,
147600,0.1951441873710303,
147650,0.10527087481480407,
147700,0.10765327915827129,
147750,0.18654445199204928,
147800,0.05876440628190039,
147850,0.13568130227056827,
147900,0.19463585713113388,
147950,0.18654544198641815,
148000,0.19547446353131817,0.9354455445544555
148050,0.2148753981899972,
148100,0.138514609570575,
148150,0.13055947077173158,
148200,0.13734736599088124,
148250,0.21152172811132786,
148300,0.12606795745982255,
148350,0.15454819200832332,
148400,0.18766220697099867,
148450,0.15307280135962997,
148500,0.15377694039962478,0.9354455445544555
148550,0.12250794381115156,
148600,0.10356964580729254,
148650,0.12251701301303398,
148700,0.08750825349143825,
148750,0.12156223473442423,
148800,0.15352140045251744,
148850,0.23409315675496828,
148900,0.12324020226578795,
148950,0.15470923146022414,
149000,0.2326006754709533,0.9354455445544555
149050,0.1591537756784487,
149100,0.18408913820778253,
149150,0.23825250893422434,
149200,0.0769341014279189,
149250,0.14679876149630203,
149300,0.13578001403508538,
149350,0.1284976171912308,
149400,0.09789224550264848,
149450,0.09435490423071315,
149500,0.1442557647689887,0.9354455445544555
149550,0.11289114435981673,
149600,0.11983399907708858,
149650,0.09348785877151158,
149700,0.2132775448387109,
149750,0.14263006776490783,
149800,0.09305474873277973,
149850,0.2214748394987231,
149900,0.09314120862749292,
149950,0.10037022753350229,
150000,0.15471417069325638,0.9354455445544555
150050,0.09206827456128991,
150100,0.2221939451448246,
150150,0.10018156157320832,
150200,0.08519238264328621,
150250,0.15689982541813138,
150300,0.1805777256330177,
150350,0.14479294999375952,
150400,0.09157307975392882,
150450,0.19665172455741056,
150500,0.21696316384844977,0.9354455445544555
150550,0.09222351714968426,
150600,0.08748659105912054,
150650,0.182504060264323,
150700,0.17477711139290464,
150750,0.2729480439881081,
150800,0.15749222247087333,
150850,0.1668075060644196,
150900,0.23374028614617373,
150950,0.16171645587946842,
151000,0.1767416744681394,0.9354455445544555
151050,0.18191481646953406,
151100,0.13500537884058758,
151150,0.11744613487758954,
151200,0.20067812024984888,
151250,0.1098701786514151,
151300,0.11925259798534171,
151350,0.21430718080854605,
151400,0.13529176208178456,
151450,0.04798326469871881,
151500,0.17778948359871719,0.9354455445544555
151550,0.155152047276474,
151600,0.10047175116135122,
151650,0.22806243628932804,
151700,0.06295664219617493,
151750,0.047708281874655964,
151800,0.14188852725325873,
151850,0.16819848177429292,
151900,0.09251380151240482,
151950,0.17792070591190282,
152000,0.13112288109366546,0.9354455445544555
152050,0.04758502542577844,
152100,0.23605592526510905,
152150,0.21312202250335574,
152200,0.1358675230377149,
152250,0.12525747233009724,
152300,0.16134310002191327,
152350,0.11200659893514044,
152400,0.06730201592377838,
152450,0.13545153638347984,
152500,0.1528341030019139,0.9354455445544555
152550,0.09094495736688259,
152600,0.15189835989839792,
152650,0.10075494717806549,
152700,0.1996267785313762,
152750,0.21004706138216975,
152800,0.11871065465554693,
152850,0.1103862648264976,
152900,0.11489001232766839,
152950,0.18287430309267605,
153000,0.1870849424594462,0.9325247524752476
153050,0.2391248319078261,
153100,0.15119650316386227,
153150,0.26179352849181386,
153200,0.15109879557601233,
153250,0.15305604134184192,
153300,0.11497150144183252,
153350,0.13114042996445718,
153400,0.16637665536600707,
153450,0.2869089522519623,
153500,0.06942960946667824,0.9205940594059406
153550,0.14216375036746684,
153600,0.07196919757742308,
153650,0.3506095287374268,
153700,0.17059418751159683,
153750,0.19996319047625533,
153800,0.07960053618996427,
153850,0.23363100435184378,
153900,0.11864383175799902,
153950,0.13843506386266768,
154000,0.11105205088520051,0.929950495049505
154050,0.20514658817380904,
154100,0.18714543796374186,
154150,0.12738467252540148,
154200,0.1359183914330356,
154250,0.10321953804562653,
154300,0.20025539438472323,
154350,0.09495035768954722,
154400,0.14195911994884441,
154450,0.20778476757227055,
154500,0.14810420955860748,0.9353960396039604
154550,0.15273809762176696,
154600,0.1199178352765739,
154650,0.1361546701058245,
154700,0.08858002388115523,
154750,0.3198681056945679,
154800,0.10466080888592756,
154850,0.2422500408999622,
154900,0.1371447115055341,
154950,0.05998125938536745,
155000,0.26582125373430243,0.9354455445544555
155050,0.15465377017346257,
155100,0.11727132878969257,
155150,0.15274610850843587,
155200,0.2694161298871018,
155250,0.049162920232406294,
155300,0.16191890998746772,
155350,0.18870526702881762,
155400,0.20779851956584025,
155450,0.1553839789222262,
155500,0.10637328292126767,0.9354455445544555
155550,0.16144161928097658,
155600,0.13610264066516264,
155650,0.1059157831569837,
155700,0.17710575650467944,
155750,0.17292631748969128,
155800,0.1350141705316787,
155850,0.09053609474868608,
155900,0.2531122279654754,
155950,0.13313362508743012,
156000,0.11937200028213667,0.930940594059406
156050,0.10781257626578736,
156100,0.1239850329395233,
156150,0.15804639221168146,
156200,0.09952389534264498,
156250,0.14859478260179457,
156300,0.09530535654173945,
156350,0.33360450537219305,
156400,0.1363989757397718,
156450,0.1580301963520438,
156500,0.10595998951262786,0.9354455445544555
156550,0.40759207252376883,
156600,0.18457493909625952,
156650,0.1601884370448299,
156700,0.14780702016088057,
156750,0.16474289720121305,
156800,0.14744090341683175,
156850,0.16938342041996507,
156900,0.21222197934088272,
156950,0.13917832412058487,
157000,0.13782263515413418,0.9354455445544555
157050,0.06995605285402917,
157100,0.21498847284271733,
157150,0.06275006795482341,
157200,0.20262161731114134,
157250,0.04055795891170405,
157300,0.14373643434278946,
157350,0.1490087259008031,
157400,0.25745034203638156,
157450,0.2386792859531897,
157500,0.1545804485977618,0.9345544554455446
157550,0.12311295141846088,
157600,0.17734080351874354,
157650,0.1473652293761421,
157700,0.2661450452357525,
157750,0.17443732956788138,
157800,0.20900464046265355,
157850,0.17044167310239117,
157900,0.25012931668496974,
157950,0.13798824186745137,
158000,0.16026397301632855,0.9354455445544555
158050,0.1625021574900613,
158100,0.15499316302805652,
158150,0.12024726110492338,
158200,0.15743095169136723,
158250,0.23886019258028682,
158300,0.2724896831214572,
158350,0.1425929910800548,
158400,0.16247355901886296,
158450,0.12586082194466017,
158500,0.20201509362534126,0.9354455445544555
158550,0.12073304991075474,
158600,0.2010519875715714,
158650,0.12108291162643453,
158700,0.17581797475653033,
158750,0.21780822203010758,
158800,0.17010349511691403,
158850,0.1632961856573813,
158900,0.08342991428833102,
158950,0.12815624346258103,
159000,0.05143602654337883,0.9354455445544555
159050,0.07163777550792474,
159100,0.5298034694090346,
159150,0.19961558909329866,
159200,0.22887202993733807,
159250,0.07867408116062961,
159300,0.22227584653300028,
159350,0.15955642140808776,
159400,0.12329804528967088,
159450,0.3246613170392777,
159500,0.17916288623658716,0.9350495049504951
159550,0.11774210762137897,
159600,0.1535944320655595,
159650,0.1831035948118226,
159700,0.10415462842694055,
159750,0.12368466132411342,
159800,0.127540568147233,
159850,0.14065648059598843,
159900,0.24008383761565028,
159950,0.22748278806278222,
160000,0.3681977300462296,0.9345544554455446
160050,0.13131017507043452,
160100,0.14497794593858984,
160150,0.14893982188870708,
160200,0.10173423847386616,
160250,0.10880326894613958,
160300,0.08914437373285111,
160350,0.15078276168582916,
160400,0.1624400771545956,
160450,0.10092271121139604,
160500,0.11890264446714341,0.9354455445544555
160550,0.2017002857250155,
160600,0.15843635370419976,
160650,0.18329483305176267,
160700,0.13317558566512033,
160750,0.11376734557259624,
160800,0.20465212893876014,
160850,0.09110590413232529,
160900,0.2099746822792166,
160950,0.17552740473511208,
161000,0.14872455781027327,0.9347524752475248
161050,0.16494101334751562,
161100,0.1495882931657252,
161150,0.05382850637605699,
161200,0.10014774407438494,
161250,0.1699164319503052,
161300,0.19521786119210446,
161350,0.10125363948616722,
161400,0.12134145322652103,
161450,0.1371684613142128,
161500,0.07663522956732706,0.9351980198019803
161550,0.14179686309812722,